https://youtu.be/ao8U6D_F3dE
https://youtu.be/hJ1Mg_rYOyA
https://youtu.be/mv1AQWtRcKg
https://youtu.be/TVRReBACGks
https://youtu.be/oW3KnzQHYmU
https://youtu.be/qhOLMImZLFg
https://youtu.be/FZgdu-8YTrI
https://youtu.be/h54g3lvGhaI
https://youtu.be/ty5RhTuyc0w
https://youtu.be/yv56ncTdTmU
https://youtu.be/_eqs0FNRF7g
https://youtu.be/7CodvBWUe7A
https://youtu.be/Pscasf8A8LY
https://youtu.be/Hi2OSnyERq0
https://youtu.be/W2_CnIPIdVA
https://youtu.be/Wi17ybKXmXE
https://youtu.be/COSQ8A8iSbw
https://youtu.be/vQiQyrQYveQ
https://youtu.be/XzelRT4MOJY
https://youtu.be/gt-v_YCkaMY
https://youtu.be/Q_yff9X2AeY
https://youtu.be/E-S75YDYY7I
https://youtu.be/dt3BFlCDpJ0
https://youtu.be/Hh5jEQraXaw
https://youtu.be/TBoBfT-_sfM
https://youtu.be/dWfqGLYigxc
https://youtu.be/d-jEGvZuWho
https://youtu.be/5UuTmDqsm0E
https://youtu.be/iDaUy4T7rVI
https://youtu.be/PdV9txPG5ZY
https://youtu.be/UtxtSFO6br8
https://youtu.be/uURsMKMloM8
https://youtu.be/idR5tBwZx58
https://youtu.be/iX1a3JngmpI
https://youtu.be/1dNIQVYGXbM
https://youtu.be/HvY23rAa1L4
https://youtu.be/RtTYQuO1j6w
https://youtu.be/gNn9NxZH2Vo
https://youtu.be/98xwLQOILSM
https://youtu.be/JYJNz20-2Os
https://youtu.be/FLYFSymomtQ
https://youtu.be/qG9jb-fk_RM
https://youtu.be/OPuVVhbkicU
https://youtu.be/_SnPZ8_9jsk
https://youtu.be/ERtRfLcZk0o
https://youtu.be/EGd2H11qKPI
https://youtu.be/6wwuEXlIniU
https://youtu.be/ALO5efsHHQA
https://youtu.be/2EfLc_jP2g8
https://youtu.be/HnbCKkvCIsI
https://youtu.be/KOZ28U2iu9Q
https://youtu.be/_za_VMMkSC8
https://youtu.be/BIDWiPtO5f8
https://youtu.be/f04EC999AWY
https://youtu.be/nFioYhqvWSM
https://youtu.be/HaI7JJp8_Hg
https://youtu.be/zf3xfK_e_6c
https://youtu.be/7c83xPLG8A8
https://youtu.be/_9-SgkvM8Mw
https://youtu.be/keviTdYFgn0
https://youtu.be/Q2I_qmvdOHg
https://youtu.be/_dA85TulgmI
https://youtu.be/xtn_SmyT87s
https://youtu.be/N23CZ7sL7YI
https://youtu.be/FZlBKl-spfY
https://youtu.be/RNRqabvy66s
https://youtu.be/QiGDGUUl76o
https://youtu.be/xoWxv2yZXLQ
https://youtu.be/nJ3jl794mGs
https://youtu.be/NzdUeJnn0gM
https://youtu.be/omgSWqwVTjY
https://youtu.be/JoHRzfKrdtk
https://youtu.be/TY1XflPll1A
https://youtu.be/FX82C5vQMIU
https://youtu.be/WNcsUNKlAKw
https://youtu.be/yydNF8tuVmU
https://youtu.be/1Z6CHioIn3s
https://youtu.be/i1IKnWDecwA
https://youtu.be/LRHBcDNhZps
https://youtu.be/s1nntGlWnAU
https://youtu.be/g-uF6uHgMYw
https://youtu.be/ytuTz0QlAiI
https://youtu.be/H8ZCM4FuI5A
https://youtu.be/Zy705nXxMQ8
https://youtu.be/rtL5oMyBHPs
https://youtu.be/sur7_3XLRGw
https://youtu.be/rmusfwUzM_w
https://youtu.be/HBD2sxCgh4k
https://youtu.be/WCdJY_XHmtY
https://youtu.be/iFZVUBGqylg
https://youtu.be/CxoCDr-KWqs
https://youtu.be/nnoyFnaa_BI
https://youtu.be/iNwC0sp-uA4
https://youtu.be/mEAaVoRxpCs
https://youtu.be/O3wAYKoZNRY
https://youtu.be/T-eBHmbUPsw
https://youtu.be/k0fvTICD0SQ
https://youtu.be/HWKkxMY6nZA
https://youtu.be/XAg1jDDG49Y
https://youtu.be/toXR2jh2lJk
https://youtu.be/mPqYwTbNCUs
https://youtu.be/SEWALc6ySI8
https://youtu.be/UnIhRpIT7nc
https://youtu.be/jDS_y0SisKA
https://youtu.be/g_mgqYb-GYw
https://youtu.be/wp7l9oolXS0
https://youtu.be/5LRwYKpV-6A
https://youtu.be/T_lwEks83zQ
https://youtu.be/G9LXGvr7Nyc
https://youtu.be/k1qpgQr8wXk
https://youtu.be/uo35R9zQsAI
https://youtu.be/NUVCQXMUVnI
https://youtu.be/9lNZ_Rnr7Jc
https://youtu.be/hc0ZDaAZQT0
https://youtu.be/UZxgZA9D_a4
https://youtu.be/55vzXfDUa1U
https://youtu.be/tXJ2-PgeLVg
https://youtu.be/beoNy4MMHTc
https://youtu.be/6177L73_DNY
https://youtu.be/K_xTet06SUo
https://youtu.be/vZa0Yh6e7dw
https://youtu.be/iO7BxnZ4EZ0
https://youtu.be/EosMazKaPbU
https://youtu.be/YiyityWURjY
https://youtu.be/8jnFgqS5ZgM
https://youtu.be/SFKBP5hWuSA
https://youtu.be/LIAUDnDSRlc
https://youtu.be/fTFxE32onKs
https://youtu.be/uh-dnvc2mqQ
https://youtu.be/1oDiK4muX2I
https://youtu.be/KR-eV7fHNbM
https://youtu.be/TOGswC4X8Nc
https://youtu.be/LCMKXujmF34
https://youtu.be/ol530NiqOlM
https://youtu.be/9LgSIIPX_VQ
https://youtu.be/Y1Bx0b0394M
https://youtu.be/SYDY7xuhwDU
https://youtu.be/YDqQ9W0_BBM
https://youtu.be/52pa7rj5zrs
https://youtu.be/koehpVv9_WA
https://youtu.be/rpGIXmaQ2Ak
https://youtu.be/MaG9OigtQ1w
https://youtu.be/XKBvwMceuXU
https://youtu.be/82sQKxemBhI
https://youtu.be/oMHLkcc9I9c
https://youtu.be/66VnOdk6oto
https://youtu.be/7Lb8zdkIn2k
https://youtu.be/N1Png_MTzJA
https://youtu.be/er416Ad3R1g
https://youtu.be/mpZeNkSCxXc
https://youtu.be/tt2k8PGm-TI
https://youtu.be/TupeObNIiD0
https://youtu.be/G2ojsXwASV0
https://youtu.be/_IwLQnDjqg4
https://youtu.be/oh2LWWORoiM
https://youtu.be/_yurx1yWelY
https://youtu.be/91In-lJLS0Q
https://youtu.be/kWNHvIt9ryk
https://youtu.be/806sukxpxOI
https://youtu.be/PE0UaUpVP_c
https://youtu.be/ahJObiPzhoE
https://youtu.be/5Zh4Saciuf0
https://youtu.be/9a3sPzbG68I
https://youtu.be/R1hDLP4-Cs8
https://youtu.be/yDGNbgJP0lI
https://youtu.be/m-jpr6Epz8c
https://youtu.be/YFaBS24CPv8
https://youtu.be/CzfvU8tKm5I
https://youtu.be/sjMSWlYs0Ug
https://youtu.be/EUKcAo8AriM
https://youtu.be/Epka2clixz4
https://youtu.be/e4OvA06bVi4
https://youtu.be/t9wCMPCgeCk
https://youtu.be/D2uqpqrYmMY
https://youtu.be/1wl5BbUg05M
https://youtu.be/mqoEplBvXkI
https://youtu.be/BSbjqlps62I
https://youtu.be/PUdyuKaGQd4
https://youtu.be/ZSPnkLCcwkQ
https://youtu.be/mg5Bp_Gzs0s
https://youtu.be/XFi7m_htR_Y
https://youtu.be/JHmWSBaEjGM
https://youtu.be/Yu4rfnYgNIQ
https://youtu.be/Kkgp1-fHn6Y
https://youtu.be/VJFNcHgQ4HM
https://youtu.be/c9POFKtttAo
https://youtu.be/vgM-dQ_1RRg
https://youtu.be/V4CS8HHSJR4
https://youtu.be/3Am-I5ftj5Q
https://youtu.be/JP68g3SYObU
https://youtu.be/yM6-QVxIXTs
https://youtu.be/AV5ZviDnF6M
https://youtu.be/KY3MyHAFc68
https://youtu.be/SD6ippMNZTA
https://youtu.be/pOHwVZc6QYY
https://youtu.be/uLHqpjW3aDs
https://youtu.be/n6EClllhqFs
https://youtu.be/vvNn4vwAl4k
https://youtu.be/8WYF4uuBCik
https://youtu.be/P0J7kxZz6lU
https://youtu.be/3899cPGAm1g
https://youtu.be/H81l6BjNBqA
https://youtu.be/m1b-HOdV5k4
https://youtu.be/LKU_y_Vncs8
https://youtu.be/KcwaDLQ0j_g
https://youtu.be/rvI3BHwGApQ
https://youtu.be/_uj8h4SCsnE
https://youtu.be/7qhdsk6aTd0
https://youtu.be/D7MMMNTQ7H0
https://youtu.be/91ZCwAAaZAs
https://youtu.be/uAVUl0cAKpo
https://youtu.be/Ic5vxw3eijY
https://youtu.be/qTsaS1Tm-Ic
https://youtu.be/kYtGl1dX5qI
https://youtu.be/ASO_zypdnsQ
https://youtu.be/vabaTWEqWkE
https://youtu.be/n9KjA471Y3k
https://youtu.be/AT5lGRg_050
https://youtu.be/YTeUdtilREo
https://youtu.be/pUov86haT88
https://youtu.be/0Vwwr3VGsYg
https://youtu.be/v7Yphe-5URQ
https://youtu.be/vabnZ9-ex7o
https://youtu.be/6WJFjXtHcy4
https://youtu.be/sWeG68lNcVA
https://youtu.be/9GA5cDzYgYo
https://youtu.be/sVZpHFXcFJw
https://youtu.be/f-b2xWjeQIU
https://youtu.be/sVx1mJDeUjY
https://youtu.be/0svW2S1z2Uc
https://youtu.be/Kp7eSUU9oy8
https://youtu.be/Cn11rmyYbaM
https://youtu.be/DeumyOzKqgI
https://youtu.be/80J2YroXH3g
https://youtu.be/LAxCqlU-OAo
https://youtu.be/Ci5squuWW3Q
https://youtu.be/7-9wXQpzESo
https://youtu.be/6Wepi5S4_jU
https://youtu.be/oRSijEW_cDM
https://youtu.be/JS0am0bPAIE
https://youtu.be/tuV0lueGc20
https://youtu.be/pBy1-gCHGtA
https://youtu.be/YIALlhlyqO4
https://youtu.be/6gmswmbosYo
https://youtu.be/NkRkuI0ZgX0
https://youtu.be/PVjiKRfKpPI
https://youtu.be/WXxV9g7lsFE
https://youtu.be/djV11Xbc914
https://youtu.be/sTQNJT7OZew
https://youtu.be/oOWBsmgjmPo
https://youtu.be/PHoc1rTERTM
https://youtu.be/JKRqSA9EwpU
https://youtu.be/eLgxYjZEflI
https://youtu.be/-0UupPs81vY
https://youtu.be/CIcu49yFVN0
https://youtu.be/aqi0mQOOh50
https://youtu.be/sL1AUp8c8QQ
https://youtu.be/RBfrfSNX6ts
https://youtu.be/PsO6ZnUZI0g
https://youtu.be/ILM-JbWKn1I
https://youtu.be/6-zRqxl5Gkk
https://youtu.be/iqqkxCGvmpo
https://youtu.be/hwR_1EP18eo
https://youtu.be/fhaDViqgk8A
https://youtu.be/KViOTZ62zBg
https://youtu.be/3RE4_DtVgII
https://youtu.be/YS8fUmyu320
https://youtu.be/cedoBlUvBlI
https://youtu.be/-q23tuds2ZU
https://youtu.be/65x-VygtFd4
https://youtu.be/kx0Z0B8Xox0
https://youtu.be/O321R3JvCpM
https://youtu.be/bfZxb10nzdc
https://youtu.be/R3AcX_EqqR4
https://youtu.be/aw_cfy1P8f8
https://youtu.be/7lzE0kQnVIk
https://youtu.be/ABNXsROSQXI
https://youtu.be/zyXmsVwZqX4
https://youtu.be/gpLfZUdr-KM
https://youtu.be/eQkSArQxYJg
https://youtu.be/T7K0pZ9tGi4
https://youtu.be/cRgjW6Nm-ug
https://youtu.be/Ol3eGjVipk4
https://youtu.be/hPu9pkiLdVs
https://youtu.be/0EmlFQkauQo
https://youtu.be/L3ESEiokUVA
https://youtu.be/AORt4p9zX-M
https://youtu.be/00IbosagHO4
https://youtu.be/6WQjgHuUDWU
https://youtu.be/TKfS5zVfGBc
https://youtu.be/mJREl0n0rcg
https://youtu.be/0-TWdyCJ-Bg
https://youtu.be/Rl1SACrzPF8
https://youtu.be/Wve11ObUUrE
https://youtu.be/EpR1TRd4fog
https://youtu.be/c9i9ZQ0231E
https://youtu.be/Qf6-xx2fLa8
https://youtu.be/ICjD3f-8SXE
https://youtu.be/qyfJlcrN09w
https://youtu.be/UbX5E5PFQFM
https://youtu.be/YtOdnL3ZwqM
https://youtu.be/rDF8b5I3NKw
https://youtu.be/W_5unoZTpoQ
https://youtu.be/gKmQSAph7N0
https://youtu.be/BgnHQOj0dnw
https://youtu.be/ZMAmqAGo5SY
https://youtu.be/o4jt40JAsqo
https://youtu.be/Ad5B0wS5Huc
https://youtu.be/USCi-NmSGkk
https://youtu.be/7sYUZEPIb2E
https://youtu.be/5lJH_GF8i8o
https://youtu.be/CfihYWRWRTQ
https://youtu.be/nn7LeY3S72E
https://youtu.be/SY3Kxf7ZTeI
https://youtu.be/5XK4v2fgMPU
https://youtu.be/AAQb5ySWkjY
https://youtu.be/vroQF9yfslY
https://youtu.be/393C3pr2ioY
https://youtu.be/EqSclLcbvCA
https://youtu.be/StZcUAPRRac
https://youtu.be/-VsxMrFyhsY
https://youtu.be/aiCL0-U9WxI
https://youtu.be/MUIrrb1KE_Q
https://youtu.be/hqDinxaPUK4
https://youtu.be/jVIpV6lVfmE
https://youtu.be/WvtVMCsHc9M
https://youtu.be/cCzZ67dwh7g
https://youtu.be/RqQGUJK7Na4
https://youtu.be/8pJo9QNL1cs
https://youtu.be/2dUMedOr864
https://youtu.be/aCyBSTzsYS4
https://youtu.be/9W6AN_eQeZo
https://youtu.be/epauiGQi2_s
https://youtu.be/eJnQBXmZ7Ek
https://youtu.be/h1pSSrmdEtw
https://youtu.be/GEEc4HdpI34
https://youtu.be/d7Hrm7K7fnI
https://youtu.be/RfRceNaUjbM
https://youtu.be/ZGDGdRIxvd0
https://youtu.be/f6suaDGWmOo
https://youtu.be/5LqKHX906qk
https://youtu.be/8GotXeCwUnc
https://youtu.be/f4D0lY6A3nU
https://youtu.be/CycM8cqZRXc
https://youtu.be/5aWgoO0capE
https://youtu.be/hjGZLnja1o8
https://youtu.be/WIKqgE4BwAY
https://youtu.be/Uon2WYPfdgc
https://youtu.be/G1iWc9jbYlY
https://youtu.be/0dCPcdpRUkA
https://youtu.be/l7v8DAbIOx0
https://youtu.be/A9hcJgtnm6Q
https://youtu.be/zAB5AC9yhY0
https://youtu.be/9CbQl98JEbE
https://youtu.be/5hEh9LiSzow
https://youtu.be/4Q46xYqUwZQ
https://youtu.be/T3um72hrtrk
https://youtu.be/XQEBzauVIlA
https://youtu.be/ulZrXxFaoUY
https://youtu.be/EuWpc_CA9Fc
https://youtu.be/t8QYeOy1Vi0
https://youtu.be/vEwmc87yTpo
https://youtu.be/UqLBxAn6XP4
https://youtu.be/MzyXD8bNbvk
https://youtu.be/YJVmu6yttiw
https://youtu.be/555UtsRcmaU
https://youtu.be/2NI1fDkToCA
https://youtu.be/QkvxiTEhNsM
https://youtu.be/YYpZGiKySMw
https://youtu.be/P7kqfDLlqm0
https://youtu.be/kiBF0KtqHLk
https://youtu.be/fPO76Jlnz6c
https://youtu.be/804G_wWGPdU
https://youtu.be/sCdXG-iCWE0
https://youtu.be/NHglTopVlKQ
https://youtu.be/ZHoLaLlL5lA
https://youtu.be/kKV0rE1RlMo
https://youtu.be/WU54WpQNYic
https://youtu.be/N1wHTwYL6os
https://youtu.be/6ONRf7h3Mdk
https://youtu.be/VmDcmIjN34A
https://youtu.be/84yTsE4eNYQ
https://youtu.be/UNqJdfxL4J4
https://youtu.be/cc1Xu1JyArM
https://youtu.be/rwz2nWDrVv0
https://youtu.be/LDU_Txk06tM
https://youtu.be/-jRKsiAOAA8
https://youtu.be/Kbj2Zss-5GY
https://youtu.be/gU-VTxg2pxw
https://youtu.be/jm3Y6VZG7oA
https://youtu.be/8CdcCD5V-d8
https://youtu.be/_bvLphVWHpo
https://youtu.be/x0abafHIMdQ
https://youtu.be/5lTRSiTQnH4
https://youtu.be/r26bNe0MTzs
https://youtu.be/Q3TTL6xtCZQ
https://youtu.be/A_PZ-rSLbxM
https://youtu.be/GzjTHCpOtPQ
https://youtu.be/YqvCptqhHfs
https://youtu.be/E06Vxoip90A
https://youtu.be/2jwj9wVx3mg
https://youtu.be/aPhyzf8SZFo
https://youtu.be/3ehuEdoyIQc
https://youtu.be/bnCT0GXgLJg
https://youtu.be/0jgrCKhxE1s
https://youtu.be/VPSoNx1gyQ4
https://youtu.be/ukgJedmYigs
https://youtu.be/8TCrqTL5STg
https://youtu.be/hI9FMoipLpg
https://youtu.be/OhXVLFpAAKY
https://youtu.be/phr1pOFK1V8
https://youtu.be/FIetBC3l0J4
https://youtu.be/ZiI27e6uQFU
https://youtu.be/MSrTnWDTdwI
https://youtu.be/SiAuAJBZuGs
https://youtu.be/DKPCBAlDw2A
https://youtu.be/jFBJnbTW_z8
https://youtu.be/1NyMSWqIJDQ
https://youtu.be/aaVzB6DjUgs
https://youtu.be/o-_DVLacX4c
https://youtu.be/IckPmQnpP7E
https://youtu.be/Z5tPJhaK71A
https://youtu.be/lLFYp9keY9Q
https://youtu.be/oGm7hvZTgMg
https://youtu.be/mzB1VGEGcSU
https://youtu.be/2daXghqHgjQ
https://youtu.be/pgN-vvVVxMA
https://youtu.be/L53gjP-TtGE
https://youtu.be/GIBoCojjB70
https://youtu.be/rgW_I8saK1o
https://youtu.be/0XFudmaObLI
https://youtu.be/IHv_6HP65VQ
https://youtu.be/U_nXVb6NQEc
https://youtu.be/-tKVN2mAKRI
https://youtu.be/LfephiFN76E
https://youtu.be/UC_qla6FQwM
https://youtu.be/WazC2PUy5v4
https://youtu.be/hc475FVF1B0
https://youtu.be/Ciotk7iy8Bw
https://youtu.be/8dZDdW7v4Q8
https://youtu.be/L5BDyjgbjPU
https://youtu.be/8-ejyHzz3XE
https://youtu.be/y6goQpS396A
https://youtu.be/GxpldsOM8yg
https://youtu.be/7ljsxE63iEE
https://youtu.be/1JA4QNmpteU
https://youtu.be/bSSFwCoaX4Y
https://youtu.be/l_lblj8Cq0o
https://youtu.be/HTp5PH8ot6Q
https://youtu.be/sr8fjIXygWU
https://youtu.be/kpoh7jxj76A
https://youtu.be/lZ9jLAtzKy8
https://youtu.be/VGXjKfsGPL8
https://youtu.be/jXpY6OY4zmM
https://youtu.be/d8e9sw6_oec
https://youtu.be/0dkHzLOmdDU
https://youtu.be/8fIAjwYhxDY
https://youtu.be/vRte4W3gTb0
https://youtu.be/XJA5IhsDD9M
https://youtu.be/QwvZJ3r337E
https://youtu.be/kacHLh3fPpg
https://youtu.be/mj9KRKSvdbk
https://youtu.be/JhRyR3FUNmo
https://youtu.be/7wtfhZwyrcc
https://youtu.be/gkwpXipZUoE
https://youtu.be/4-Pp-MEdKIA
https://youtu.be/SC4xMk98Pdc