https://youtu.be/hsfBOwAIhOw
https://youtu.be/Qmp979Bl9dM
https://youtu.be/evny_w98PjI
https://youtu.be/kT9GX_JBETc
https://youtu.be/tUGnDmDDheI
https://youtu.be/wfF0zHeU3Zs
https://youtu.be/7fCnBMxljiE
https://youtu.be/tcWjB3FN18k
https://youtu.be/F3wpq-i150c
https://youtu.be/ZZvJY7_gyfw
https://youtu.be/ql0NtjXIv_s
https://youtu.be/xarC5jAiO7w
https://youtu.be/a0ul-BghOAs
https://youtu.be/pQsF3pzOc54
https://youtu.be/_BWPNPtsZm8
https://youtu.be/Clx2ZEXhDCk
https://youtu.be/K_8yRH2KPVo
https://youtu.be/Zp36-S4mCbM
https://youtu.be/k1-TrAvp_xs
https://youtu.be/0tdnAH58rEw
https://youtu.be/izYdlAzIVgM
https://youtu.be/YqD1sp4jgfY
https://youtu.be/UURd76b6sKw
https://youtu.be/1w2ylCSwB70
https://youtu.be/uf5FkGnb6RE
https://youtu.be/R2LUJTnbneI
https://youtu.be/HOAKXWTtIuE
https://youtu.be/s29fcv5E52Y
https://youtu.be/UcG5RpJ6DTg
https://youtu.be/pKVHHtij-Sw
https://youtu.be/9kcFXrdUTgc
https://youtu.be/hJ1Mg_rYOyA
https://youtu.be/mv1AQWtRcKg
https://youtu.be/6KUIqQ4mhnU
https://youtu.be/9ieNHByzhHs
https://youtu.be/oyQ1i-czPcE
https://youtu.be/jeB85wFJic8
https://youtu.be/XEQoExkyThk
https://youtu.be/Uoox9fpmDP0
https://youtu.be/MM8RufZr5lw
https://youtu.be/RBtlPT23PTM
https://youtu.be/DCkJ5lGPqFs
https://youtu.be/LL9NbGg4IO4
https://youtu.be/tUqzJEFgd50
https://youtu.be/FxTBb9cSAO8
https://youtu.be/h54g3lvGhaI
https://youtu.be/Atjgu7qMoUA
https://youtu.be/GAsM3GWW2Os
https://youtu.be/ty5RhTuyc0w
https://youtu.be/eeetVdwnRgQ
https://youtu.be/x7ogV49WGco
https://youtu.be/4rDVb8q8KWw
https://youtu.be/CAA_zE5a3JQ
https://youtu.be/yv56ncTdTmU
https://youtu.be/LAIS-ADK6c8
https://youtu.be/dsUXAEzaC3Q
https://youtu.be/_eqs0FNRF7g
https://youtu.be/VKeXGOti00k
https://youtu.be/oRdxUFDoQe0
https://youtu.be/MYxAiK6VnXw
https://youtu.be/7CodvBWUe7A
https://youtu.be/UeHOhYUNTb8
https://youtu.be/0LwcvjNJTuM
https://youtu.be/jkAr25tA7SA
https://youtu.be/bm0nLJuRNbw
https://youtu.be/NlABN3wFKYE
https://youtu.be/3B1PNjE04y0
https://youtu.be/KCgr3dj5mqY
https://youtu.be/RmFIgoD1tNs
https://youtu.be/Pscasf8A8LY
https://youtu.be/Hi2OSnyERq0
https://youtu.be/W2_CnIPIdVA
https://youtu.be/YXwYJyrKK5A
https://youtu.be/BnnbP7pCIvQ
https://youtu.be/Wi17ybKXmXE
https://youtu.be/uH84VIWFRWU
https://youtu.be/k0QsHKH77MI
https://youtu.be/r3Pr1_v7hsw
https://youtu.be/s_xaGM2aw1I
https://youtu.be/KLRRmTpBH5I
https://youtu.be/SRQGOtBVELo
https://youtu.be/9rIZDJhq5PA
https://youtu.be/COSQ8A8iSbw
https://youtu.be/k4C451MaYlE
https://youtu.be/PNwVsNNGkP8
https://youtu.be/U6IbXp8Uvt0
https://youtu.be/Dt_GHA1ggYQ
https://youtu.be/Fci2t7xQPMA
https://youtu.be/Z2XVdZRHWfQ
https://youtu.be/BCnGguq1oPc
https://youtu.be/1QIGL9tm-n8
https://youtu.be/bVoM1nNaGNw
https://youtu.be/WFVZw7YDUME
https://youtu.be/Xwww0GLiC5M
https://youtu.be/Eneuiq1qlBY
https://youtu.be/9wjSq61bmGc
https://youtu.be/vQiQyrQYveQ
https://youtu.be/itKEArgSbFE
https://youtu.be/CjP3VlbIfDA
https://youtu.be/GKAgo-g5V2E
https://youtu.be/XzelRT4MOJY
https://youtu.be/6kxZtU9kEnA
https://youtu.be/V9_ZpqfqHFI
https://youtu.be/gt-v_YCkaMY
https://youtu.be/EJYeyWlPf-w
https://youtu.be/m9xBNcojSGk
https://youtu.be/Q_yff9X2AeY
https://youtu.be/mRD0-GxqHVo
https://youtu.be/Ze28sO2amQo
https://youtu.be/5mLdyciRQTo
https://youtu.be/j_Jl4xNc5pc
https://youtu.be/o8U8iHRKlIs
https://youtu.be/E-S75YDYY7I
https://youtu.be/dt3BFlCDpJ0
https://youtu.be/0dUJpnTybdQ
https://youtu.be/ozaIMRpxSJQ
https://youtu.be/89dGC8de0CA
https://youtu.be/Hh5jEQraXaw
https://youtu.be/TDIcEzAk3t0
https://youtu.be/yP8hoEWlMn0
https://youtu.be/5AI44gnaLxY
https://youtu.be/RLN3EDIg-bA
https://youtu.be/TBoBfT-_sfM
https://youtu.be/tbU3zdAgiX8
https://youtu.be/0S13mP_pfEc
https://youtu.be/dWfqGLYigxc
https://youtu.be/xt7rZb5zKho
https://youtu.be/syc78JzHGTs
https://youtu.be/UbjVJTfugLY
https://youtu.be/0WxDrVUrSvI
https://youtu.be/d-jEGvZuWho
https://youtu.be/2GZ60fcfBaA
https://youtu.be/MvjQTA81MhY
https://youtu.be/zciAL01bWtY
https://youtu.be/9IPvUmLCLBM
https://youtu.be/5UuTmDqsm0E
https://youtu.be/wJ0s-IOsO34
https://youtu.be/iDaUy4T7rVI
https://youtu.be/1AOkJctgGGU
https://youtu.be/UJmHXNtF5EE
https://youtu.be/E1YNy3ryUeA
https://youtu.be/aSvp9Fj9OL8
https://youtu.be/WcRa2XYabwQ
https://youtu.be/z-NuxWkYtlI
https://youtu.be/v_qtRmBlMvg
https://youtu.be/PdV9txPG5ZY
https://youtu.be/UtxtSFO6br8
https://youtu.be/uURsMKMloM8
https://youtu.be/idR5tBwZx58
https://youtu.be/ZSznpyG9CHY
https://youtu.be/iX1a3JngmpI
https://youtu.be/cunKMWkE1yI
https://youtu.be/yEgilud6tRU
https://youtu.be/GFukF9I9Rqg
https://youtu.be/JOKn33-q4Ao
https://youtu.be/1dNIQVYGXbM
https://youtu.be/tVLgZXHUKh4
https://youtu.be/s6F37L7vtyw
https://youtu.be/HvY23rAa1L4
https://youtu.be/1zcYKNn4h_E
https://youtu.be/eYVcNdZYxCs
https://youtu.be/O4irXQhgMqg
https://youtu.be/5tXh_MfrMe0
https://youtu.be/62Vjm0UGfv8
https://youtu.be/muPzgpf9Y-g
https://youtu.be/LIz1rcHwUZk
https://youtu.be/Q28quLl2NL8
https://youtu.be/enD0LhHJ8Gw
https://youtu.be/J1o4hvNE6uA
https://youtu.be/L5uV3gmOH9g
https://youtu.be/yfQEboqaUK8
https://youtu.be/PtvlmOsNV4E
https://youtu.be/MKlEhCwZmb8
https://youtu.be/fkm6lkcR1Ws
https://youtu.be/2gnvQWwwoTg
https://youtu.be/QJJYpsA5tv8
https://youtu.be/Y8omjtAuEGI
https://youtu.be/RtTYQuO1j6w
https://youtu.be/Qkco3D8VOUE
https://youtu.be/LrmyNC3b5lw
https://youtu.be/gNn9NxZH2Vo
https://youtu.be/r9zRM3rkVn0
https://youtu.be/N3472Q6kvg0
https://youtu.be/vByIR-fPls0
https://youtu.be/Jrg9KxGNeJY
https://youtu.be/a7F4eBwXp0g
https://youtu.be/DBB8wdUsu64
https://youtu.be/cSCBCHSd7QQ
https://youtu.be/MJ76RMavyLQ
https://youtu.be/QjLEi3n_B6A
https://youtu.be/62stN_SxbHc
https://youtu.be/76pSntZqot4
https://youtu.be/kM8hhJctHPo
https://youtu.be/ligW193_PbY
https://youtu.be/98xwLQOILSM
https://youtu.be/_GJI2Kcp_Bg
https://youtu.be/JYJNz20-2Os
https://youtu.be/KCaRFbgQzUI
https://youtu.be/yyphu11OC9g
https://youtu.be/xU2U73Tk-DM
https://youtu.be/EGd2H11qKPI
https://youtu.be/6wwuEXlIniU
https://youtu.be/ALO5efsHHQA
https://youtu.be/jkEzNvdKGeA
https://youtu.be/pjJ2w1FX_Wg
https://youtu.be/QKIFmVwzTRA
https://youtu.be/2EfLc_jP2g8
https://youtu.be/wJOQ4EuYejg
https://youtu.be/NXnTQctk9A8
https://youtu.be/rhQ7RTXrc6s
https://youtu.be/Ez864B6alWA
https://youtu.be/tgmaNcyPP4w
https://youtu.be/1sP50ogTuZw
https://youtu.be/gqiSz5yf934
https://youtu.be/00uzprkOeJQ
https://youtu.be/y8JVaM-6tk8
https://youtu.be/4RV8gL5dEog
https://youtu.be/xSdpdYlTk0Y
https://youtu.be/gBAxmjZG8xg
https://youtu.be/KOZ28U2iu9Q
https://youtu.be/TfZoeT-vLmc
https://youtu.be/vcj-92mqpOI
https://youtu.be/_za_VMMkSC8
https://youtu.be/BIDWiPtO5f8
https://youtu.be/jZYP8jiHLFU
https://youtu.be/GSNgrYJIdP8
https://youtu.be/hJWkpsR9Qd8
https://youtu.be/2w8KKXg7kpU
https://youtu.be/f04EC999AWY
https://youtu.be/nFioYhqvWSM
https://youtu.be/0v_RQXfRxac
https://youtu.be/_9-SgkvM8Mw
https://youtu.be/FXx37WJqjNw
https://youtu.be/keviTdYFgn0
https://youtu.be/Q2I_qmvdOHg
https://youtu.be/3lneltInJb4
https://youtu.be/MF8kHWWFO10
https://youtu.be/rQ6J2Qf2MXA
https://youtu.be/CZKsoiISQZI
https://youtu.be/XoWada29DQg
https://youtu.be/jfVpwHrNzMA
https://youtu.be/_dA85TulgmI
https://youtu.be/UEoU6VbHs2c
https://youtu.be/xtn_SmyT87s
https://youtu.be/LcF2KUJVdLE
https://youtu.be/N23CZ7sL7YI
https://youtu.be/EkQYJH9oWiI
https://youtu.be/IyPb-8OjWVk
https://youtu.be/IA5z4hg_3xM
https://youtu.be/BSNJ7RsP1xs
https://youtu.be/dtJRiOO-ywM
https://youtu.be/j_6TLE3sP4w
https://youtu.be/k4Oz8UmUXbg
https://youtu.be/SGNlDa8mf7k
https://youtu.be/juL6MN0kXEM
https://youtu.be/njci7yREmf8
https://youtu.be/p1YwTGNH_yg
https://youtu.be/NzEB_DBesdQ
https://youtu.be/U6vad_irmWE
https://youtu.be/NS8DPG62Fto
https://youtu.be/5uNh7FJ7tlg
https://youtu.be/NlU27gSTKVg
https://youtu.be/1EULI2d84nw
https://youtu.be/_XivCZhbrng
https://youtu.be/_kjd_3viXu0
https://youtu.be/3VTkBuxU4yk
https://youtu.be/OjpWWnU8tb0
https://youtu.be/TfenCTabhDY
https://youtu.be/FZlBKl-spfY
https://youtu.be/RNRqabvy66s
https://youtu.be/QiGDGUUl76o
https://youtu.be/xoWxv2yZXLQ
https://youtu.be/fB8TyLTD7EE
https://youtu.be/c4iyEXDStgk
https://youtu.be/j2SWk859CEU
https://youtu.be/D0NqJgcbHe8
https://youtu.be/nJ3jl794mGs
https://youtu.be/G_7NMz9Ln8E
https://youtu.be/NzdUeJnn0gM
https://youtu.be/8aQz-aKvyQU
https://youtu.be/DWQr8_47MC4
https://youtu.be/v2U_3s4bjbw
https://youtu.be/pIKiqKIOvYA
https://youtu.be/4UprHuO_zCc
https://youtu.be/omgSWqwVTjY
https://youtu.be/D9G1VOjN_84
https://youtu.be/JoHRzfKrdtk
https://youtu.be/TY1XflPll1A
https://youtu.be/FX82C5vQMIU
https://youtu.be/I826gxc8TvI
https://youtu.be/WNcsUNKlAKw
https://youtu.be/yydNF8tuVmU
https://youtu.be/rh5oQmdYE8I
https://youtu.be/TeXatquVqAc
https://youtu.be/1Z6CHioIn3s
https://youtu.be/sFAqtuGM7ic
https://youtu.be/RBWVoaW-EnA
https://youtu.be/ao4RCon11eY
https://youtu.be/yWyhi48zdXg
https://youtu.be/DBXTRtm07RA
https://youtu.be/cUcZKdUi72g
https://youtu.be/A3M-XFxF1UQ
https://youtu.be/i1IKnWDecwA
https://youtu.be/a5JCltuobqQ
https://youtu.be/icoOOiSlKK0
https://youtu.be/aRgBzz-Jmpk
https://youtu.be/P5cI2Phbv8Y
https://youtu.be/fBXMGe5mNCE
https://youtu.be/LH1yUNsk11E
https://youtu.be/f0fYrtvUQ_Q
https://youtu.be/avnLyIufC8w
https://youtu.be/LRHBcDNhZps
https://youtu.be/Bvw6ZxKtGRs
https://youtu.be/YnwXhk-K--Q
https://youtu.be/FpZzlU1wWR0
https://youtu.be/vU3X7R1Z2sw
https://youtu.be/uPohUx5uMIQ
https://youtu.be/s1nntGlWnAU
https://youtu.be/3K9P9f3G3l0
https://youtu.be/-B38aCbqdUE
https://youtu.be/RmyciZVNVJk
https://youtu.be/g-uF6uHgMYw
https://youtu.be/S0HTqqwZq-o
https://youtu.be/XDJTWz6oKO8
https://youtu.be/ytuTz0QlAiI
https://youtu.be/oPHu47uAwVo
https://youtu.be/Liv4CvpMdRA
https://youtu.be/8S22AEtiLsI
https://youtu.be/9OacXUzTNXo
https://youtu.be/AKXa7FEDLu0
https://youtu.be/xx2vV863_DU
https://youtu.be/n83E5o_3Mlo
https://youtu.be/-k-xvW5CkO4
https://youtu.be/MRfBk8fmNl0
https://youtu.be/H8ZCM4FuI5A
https://youtu.be/Zy705nXxMQ8
https://youtu.be/JgXret8NA-4
https://youtu.be/VUc1n_NK6gU
https://youtu.be/sIljdb6I_IA
https://youtu.be/rtL5oMyBHPs
https://youtu.be/sur7_3XLRGw
https://youtu.be/Yuo_6Qq3EhY
https://youtu.be/Pm_h6FnF8HU
https://youtu.be/lGFEqEFJ410
https://youtu.be/30w8DyEJ__0
https://youtu.be/rmusfwUzM_w
https://youtu.be/gT8IJp3h2fo
https://youtu.be/HBD2sxCgh4k
https://youtu.be/WCdJY_XHmtY
https://youtu.be/iFZVUBGqylg
https://youtu.be/JALbemLw3G4
https://youtu.be/CxoCDr-KWqs
https://youtu.be/XpJEg6MTPzc
https://youtu.be/WrIVZ-jN12g
https://youtu.be/D-GU4jvSvz4
https://youtu.be/nnoyFnaa_BI
https://youtu.be/iNwC0sp-uA4
https://youtu.be/gzNrrpdxVU4
https://youtu.be/yHrIuq9Py7Y
https://youtu.be/KwFMOAnmqlE
https://youtu.be/vmLSJljmF2Q
https://youtu.be/8sHjhEja1c4
https://youtu.be/mEAaVoRxpCs
https://youtu.be/WqL2HgNJL7I
https://youtu.be/IteXXGrZU2w
https://youtu.be/jsLUXz0UOeg
https://youtu.be/O3wAYKoZNRY
https://youtu.be/8Oa9FAf9QZ4
https://youtu.be/QRmQagwX_bo
https://youtu.be/T-eBHmbUPsw
https://youtu.be/cZ5_ACF5w4E
https://youtu.be/zY7yvZcZIoE
https://youtu.be/k0fvTICD0SQ
https://youtu.be/HWKkxMY6nZA
https://youtu.be/-DVxr-l-iRQ
https://youtu.be/XAg1jDDG49Y
https://youtu.be/Yf6BVcJ3a7Y
https://youtu.be/Asf8KlVODFI
https://youtu.be/r2Ig85ycGKQ
https://youtu.be/Ta8BkUkEAB8
https://youtu.be/Wx08V5jPEwg
https://youtu.be/x2IE64sLXh4
https://youtu.be/yhbabJIavhk
https://youtu.be/toXR2jh2lJk
https://youtu.be/Q2suSUMgROY
https://youtu.be/mPqYwTbNCUs
https://youtu.be/0xBGSlnTino
https://youtu.be/BlpbLX4dMCA
https://youtu.be/SEWALc6ySI8
https://youtu.be/SCD2tB1qILc
https://youtu.be/SItIaWAjI_4
https://youtu.be/boNKpO8bB1s
https://youtu.be/OXUYbhV1ki0
https://youtu.be/IFtwhMK64H8
https://youtu.be/UnIhRpIT7nc
https://youtu.be/jDS_y0SisKA
https://youtu.be/DXlmsOxdLs8
https://youtu.be/2cm7MEONP48
https://youtu.be/g_mgqYb-GYw
https://youtu.be/SFDxRF-YQqs
https://youtu.be/7rlKnl3E4mI
https://youtu.be/MCE3e1-jNHw
https://youtu.be/wp7l9oolXS0
https://youtu.be/IsWwX2-aKJg
https://youtu.be/Y5GSSvybKQ0
https://youtu.be/LIlZCmETvsY
https://youtu.be/5LRwYKpV-6A
https://youtu.be/zYSIuZV63cI
https://youtu.be/l0U7SxXHkPY
https://youtu.be/_WnXMMOkubA
https://youtu.be/T_lwEks83zQ
https://youtu.be/fitVaTcv7ag
https://youtu.be/x74OJ8A855Q
https://youtu.be/G9LXGvr7Nyc
https://youtu.be/4vEeYQ9wwuc
https://youtu.be/5lrseDtxX_E
https://youtu.be/mRwcGr8yTws
https://youtu.be/cNauEQ9c7N0
https://youtu.be/gJme0rYsO0g
https://youtu.be/SRmhjkqfCmM
https://youtu.be/sDeMfL8Ib9A
https://youtu.be/wfSv1fnQPnc
https://youtu.be/LnMk7aoReGM
https://youtu.be/1EU-QCANzzY
https://youtu.be/HdQCWXh3XXU
https://youtu.be/JhCPPQ5PBdk
https://youtu.be/iu_0kOfMGD0
https://youtu.be/tcJ4eVVK640
https://youtu.be/vQJHmIz2svk
https://youtu.be/zgyTjP1CeRI
https://youtu.be/AVRv1dA5Byc
https://youtu.be/U4Md8ZGtUN8
https://youtu.be/k1qpgQr8wXk
https://youtu.be/glEiPXAYE-U
https://youtu.be/uo35R9zQsAI
https://youtu.be/UgS7vgquBvo
https://youtu.be/ScSW9C3DF18
https://youtu.be/WiUjG9fF3zw
https://youtu.be/NocXEwsJGOQ
https://youtu.be/NUVCQXMUVnI
https://youtu.be/9lNZ_Rnr7Jc
https://youtu.be/ntbNRUycbD4
https://youtu.be/GywDFkY3z-c
https://youtu.be/ZZujisNZuw0
https://youtu.be/RgFaK6ZQifE
https://youtu.be/hc0ZDaAZQT0
https://youtu.be/Z4LiNMCTV20
https://youtu.be/uNlQRyG0th8
https://youtu.be/UZxgZA9D_a4
https://youtu.be/55vzXfDUa1U
https://youtu.be/R_YFfOOWTy4
https://youtu.be/tXJ2-PgeLVg
https://youtu.be/LIqQPE1tXU0
https://youtu.be/vYO-bd6MEIQ
https://youtu.be/beoNy4MMHTc
https://youtu.be/dylyj3xObJo
https://youtu.be/2auo4lkBvZ4
https://youtu.be/6177L73_DNY
https://youtu.be/xrEZOpHZYGc
https://youtu.be/Tjoq6bhKyHg
https://youtu.be/KushW6zvazM
https://youtu.be/K_xTet06SUo
https://youtu.be/sSYoz0JmnZo
https://youtu.be/EuJ6UR_pD5s
https://youtu.be/HNK1YjheVUA
https://youtu.be/EAgk-t2zzqw
https://youtu.be/k6NhFS6SynM
https://youtu.be/8Wy263JRAkI
https://youtu.be/YqX2rUH7G28
https://youtu.be/dy9nwe9_xzw
https://youtu.be/vZa0Yh6e7dw
https://youtu.be/iO7BxnZ4EZ0
https://youtu.be/GCdwKhTtNNw
https://youtu.be/7D43HeDLneE
https://youtu.be/EosMazKaPbU
https://youtu.be/uqfmCp5sys4
https://youtu.be/Le0T0at_yPg
https://youtu.be/Z33OcT-H48M
https://youtu.be/YiyityWURjY
https://youtu.be/m-PCiOY1YlY
https://youtu.be/096CqF3kbvI
https://youtu.be/8jnFgqS5ZgM
https://youtu.be/SFKBP5hWuSA
https://youtu.be/gCI43CkUrnQ
https://youtu.be/LIAUDnDSRlc
https://youtu.be/fTFxE32onKs
https://youtu.be/EW-uwNivPvw
https://youtu.be/uh-dnvc2mqQ
https://youtu.be/a1gPB_XA9AM
https://youtu.be/F9Ay74LfKd4
https://youtu.be/N5Qj7ohJmrE
https://youtu.be/9S8Pw4pfrKE
https://youtu.be/1oDiK4muX2I
https://youtu.be/1AH14fwkoUU
https://youtu.be/wsokXe3v-NU
https://youtu.be/Cg7Ctd3dQvQ
https://youtu.be/0cdNPMUSrTM
https://youtu.be/2R1uAL4sJxk
https://youtu.be/fVeYY6qu1GQ
https://youtu.be/jYRKvdEJSJc
https://youtu.be/PLFyZOn2t3A
https://youtu.be/gQhJMvJDSZA
https://youtu.be/KR-eV7fHNbM
https://youtu.be/XT1zqRzH1AM
https://youtu.be/feYMk063DNU
https://youtu.be/IJJo3AUF5e8
https://youtu.be/TOGswC4X8Nc
https://youtu.be/z3NeChuhpC0
https://youtu.be/7aQPeuKyVG4
https://youtu.be/C1ZN_NRBWwI
https://youtu.be/3sfY1lRkEVA
https://youtu.be/Jmv5pTyz--I
https://youtu.be/2hrrWkf5Slw
https://youtu.be/1ce456Nnkt8
https://youtu.be/qMKlj_1zbYc
https://youtu.be/GvD3CHA48pA
https://youtu.be/aAvyS6HSa0A
https://youtu.be/-3P2USPFDcE
https://youtu.be/ol530NiqOlM
https://youtu.be/9LgSIIPX_VQ
https://youtu.be/Y1Bx0b0394M
https://youtu.be/SYDY7xuhwDU
https://youtu.be/clLJGT855hA
https://youtu.be/eyd1roXEsc4
https://youtu.be/YDqQ9W0_BBM
https://youtu.be/R_uS0aT0bG8
https://youtu.be/bnsUkE8i0tU
https://youtu.be/qrxv0JNVtgY
https://youtu.be/A8pOVirjGF0
https://youtu.be/bFtLVN7QIOU
https://youtu.be/Dm2O_W6Rrss
https://youtu.be/g3jCAyPai2Y
https://youtu.be/UrAhnndvrSU
https://youtu.be/Xq0joZ24D9Y
https://youtu.be/koehpVv9_WA
https://youtu.be/CbI79e5iZKs
https://youtu.be/lf4Z-6piuq0
https://youtu.be/EziHx_07vX0
https://youtu.be/rpGIXmaQ2Ak
https://youtu.be/3pbvmR8n27w
https://youtu.be/e5ey_1lPYMY
https://youtu.be/C97QnxrgDRc
https://youtu.be/MaG9OigtQ1w
https://youtu.be/vYV-XJdzupY
https://youtu.be/cYAxKTaLyKM
https://youtu.be/ARU9NryPz6k
https://youtu.be/XKBvwMceuXU
https://youtu.be/C2A-Jbo-EaU
https://youtu.be/82sQKxemBhI
https://youtu.be/8zL0SJAAu4o
https://youtu.be/oMHLkcc9I9c
https://youtu.be/t66lw67WSOA
https://youtu.be/66VnOdk6oto
https://youtu.be/QOAFr61SXpc
https://youtu.be/32kYH6XZrIo
https://youtu.be/7Lb8zdkIn2k
https://youtu.be/hTeHEgk0QFE
https://youtu.be/kuXhfWGW-Nk
https://youtu.be/kecLANFKJA0
https://youtu.be/pBX2T7R_DgY
https://youtu.be/9iSmPXXoo6s
https://youtu.be/XbE5lPwBXEc
https://youtu.be/LtH7N10ymYQ
https://youtu.be/-eZ2Yv3ALpM
https://youtu.be/nTpil0dSg30
https://youtu.be/mOKMoL8_jaQ
https://youtu.be/N1Png_MTzJA
https://youtu.be/hH9M-m3WD0g
https://youtu.be/er416Ad3R1g
https://youtu.be/50_dc_L50fI
https://youtu.be/yrFoHPX_HA8
https://youtu.be/0Bl_IYEHWaU
https://youtu.be/b2Oe4OwNXow
https://youtu.be/mpZeNkSCxXc
https://youtu.be/_oFI51nyOwg
https://youtu.be/yWzsR-j5waY
https://youtu.be/3TT408FrUzU
https://youtu.be/tt2k8PGm-TI
https://youtu.be/lPBvHkDDNhI
https://youtu.be/k2Z3v-AX8-0
https://youtu.be/TupeObNIiD0
https://youtu.be/1n56NTUgod0
https://youtu.be/G2ojsXwASV0
https://youtu.be/_IwLQnDjqg4
https://youtu.be/ADroYnjhxpY
https://youtu.be/AzRyxGBGiAE
https://youtu.be/oh2LWWORoiM
https://youtu.be/i_kF4zLNKio
https://youtu.be/_yurx1yWelY
https://youtu.be/mLgRyJ09UsA
https://youtu.be/5ugG8EgRRNY
https://youtu.be/91In-lJLS0Q
https://youtu.be/4S0pyDd_MQ4
https://youtu.be/o5E65bO9exA
https://youtu.be/kWNHvIt9ryk
https://youtu.be/JgJdWJXxEBA
https://youtu.be/Lgs9QUtWc3M
https://youtu.be/806sukxpxOI
https://youtu.be/DDafjqgnnqU
https://youtu.be/f_v59-UFb_I
https://youtu.be/RSfrx8OkK6I
https://youtu.be/0pwHjWP6th0
https://youtu.be/gap-zS1VBKo
https://youtu.be/ha814904EFM
https://youtu.be/PE0UaUpVP_c
https://youtu.be/eaf1w4KTk0Y
https://youtu.be/mauV2NdCs60
https://youtu.be/ahJObiPzhoE
https://youtu.be/5Zh4Saciuf0
https://youtu.be/9a3sPzbG68I
https://youtu.be/R1hDLP4-Cs8
https://youtu.be/KrLPqYtwxE4
https://youtu.be/-7XnDlYY9qw
https://youtu.be/yDGNbgJP0lI
https://youtu.be/m-jpr6Epz8c
https://youtu.be/tHG_mpR3D8U
https://youtu.be/PWgvGjAhvIw
https://youtu.be/QGlq1gisr2Q
https://youtu.be/htlJ47ROP4o
https://youtu.be/HnLyfoamQyM
https://youtu.be/6kZoNdir-LU
https://youtu.be/KoW--dUuoGI
https://youtu.be/-5RVtJK6tpg
https://youtu.be/geOXs84N2Ws
https://youtu.be/6UK85MH5PmY
https://youtu.be/hoYo4tFWotg
https://youtu.be/XKogSBe3XnA
https://youtu.be/YFaBS24CPv8
https://youtu.be/XHA-QM-q-3E
https://youtu.be/CzfvU8tKm5I
https://youtu.be/iME5EiX1YZQ
https://youtu.be/wQklk-x8TUc
https://youtu.be/J80ZGOxhtmM
https://youtu.be/IHoj7qvNmwk
https://youtu.be/yf1lY2QhD-0
https://youtu.be/RsW66teC0BQ
https://youtu.be/lJ1NYJQnJTI
https://youtu.be/oe5WzVf1kq4
https://youtu.be/sjMSWlYs0Ug
https://youtu.be/ea-ThJDGJ1Y
https://youtu.be/xbjtcmxALMU
https://youtu.be/lIYL3_Gu-Ag
https://youtu.be/iLBBRuVDOo4
https://youtu.be/LcLwHjtUacU
https://youtu.be/qTCRG7jN6OQ
https://youtu.be/uBqGekC3JlY
https://youtu.be/FZbNCQjE3JA
https://youtu.be/EUKcAo8AriM
https://youtu.be/lDWRo2Igtsg
https://youtu.be/Kq4OtRsdXls
https://youtu.be/Epka2clixz4
https://youtu.be/uf0CIWdjJD8
https://youtu.be/FtutLA63Cp8
https://youtu.be/0zttkDBo_Ok
https://youtu.be/e4OvA06bVi4
https://youtu.be/G6B46LM8xPQ
https://youtu.be/BSsfjHCFosw
https://youtu.be/phL6fDiYNJk
https://youtu.be/fygutp-zA4E
https://youtu.be/KlJd_bI7DVo
https://youtu.be/-TV0DSBqIc0
https://youtu.be/xcd6lo0pZJs
https://youtu.be/Ye4Nnl8dmeM
https://youtu.be/t9wCMPCgeCk
https://youtu.be/vbY75OcoDMg
https://youtu.be/D2uqpqrYmMY
https://youtu.be/1wl5BbUg05M
https://youtu.be/mqoEplBvXkI
https://youtu.be/ZQTd8_838Oc
https://youtu.be/xfT645b6l0s
https://youtu.be/OC62zWk28QA
https://youtu.be/BSbjqlps62I
https://youtu.be/PUdyuKaGQd4
https://youtu.be/ZSPnkLCcwkQ
https://youtu.be/mg5Bp_Gzs0s
https://youtu.be/XFi7m_htR_Y
https://youtu.be/sO-S32xnXA0
https://youtu.be/MzurQmdinK0
https://youtu.be/JHmWSBaEjGM
https://youtu.be/mEQZNRT6Pqk
https://youtu.be/DT61L8hbbJ4
https://youtu.be/Yu4rfnYgNIQ
https://youtu.be/kzFbd79hXn0
https://youtu.be/68UlL5Op9q4
https://youtu.be/aCyGvGEtOwc
https://youtu.be/Kkgp1-fHn6Y
https://youtu.be/_dndjSjAieo
https://youtu.be/VJFNcHgQ4HM
https://youtu.be/zwZ89IZG5WA
https://youtu.be/i67t8nNMVS4
https://youtu.be/BAUzk_MR5m0
https://youtu.be/c9POFKtttAo
https://youtu.be/7p5tWONPBp0
https://youtu.be/vRpbtf8_7XM
https://youtu.be/rhVrNfg4nXc
https://youtu.be/T1vCvYfMus8
https://youtu.be/u8miXR21ZNI
https://youtu.be/vgM-dQ_1RRg
https://youtu.be/V4CS8HHSJR4
https://youtu.be/M7n4Py4NBpc
https://youtu.be/dlFA0Zq1k2A
https://youtu.be/VSucxMB_Z6k
https://youtu.be/dsK8SsfqdHE
https://youtu.be/4X0U2jerhTQ
https://youtu.be/OkNvl3fNf5A
https://youtu.be/6YZlFdTIdzM
https://youtu.be/3Am-I5ftj5Q
https://youtu.be/uyHYXHxybyo
https://youtu.be/7qj8piDrxOI
https://youtu.be/lkicMsn-s_8
https://youtu.be/JP68g3SYObU
https://youtu.be/MTum6trxFEQ
https://youtu.be/YVkUvmDQ3HY
https://youtu.be/yM6-QVxIXTs
https://youtu.be/uGZ0I71Yawo
https://youtu.be/AV5ZviDnF6M
https://youtu.be/YnzgdBAKyJo
https://youtu.be/GB_S2qFh5lU
https://youtu.be/286jXjwdst0
https://youtu.be/BQo2237u66s
https://youtu.be/CP3Jq3bqBnw
https://youtu.be/KY3MyHAFc68
https://youtu.be/AFHSDPkZu0Q
https://youtu.be/H0_33HA7DOw
https://youtu.be/SD6ippMNZTA
https://youtu.be/fp10tMMGN7s
https://youtu.be/nQBBbewOxeo
https://youtu.be/SDQOzDiJx74
https://youtu.be/pOHwVZc6QYY
https://youtu.be/uLHqpjW3aDs
https://youtu.be/7Eda0jDgdcc
https://youtu.be/f_BqwbLBCls
https://youtu.be/yf52IpdAZKg
https://youtu.be/Cb9IOFOxe74
https://youtu.be/4HcF2njIIrY
https://youtu.be/drTbDLHQ_RY
https://youtu.be/G8Hp-AKrfm0
https://youtu.be/KvuQNNVrbtM
https://youtu.be/nxRHjgY0UQk
https://youtu.be/RJK6Jb0beQM
https://youtu.be/aKDWKorL9h8
https://youtu.be/FtYwVBOXwmQ
https://youtu.be/nbqMIBYJlvk
https://youtu.be/KBobN-r4tag
https://youtu.be/DEquRkEmnZ4
https://youtu.be/QDJ6YqI3sjo
https://youtu.be/S5QaJssasCw
https://youtu.be/KW5rMvHbFLU
https://youtu.be/10yrPDf92hY
https://youtu.be/3899cPGAm1g
https://youtu.be/X26Z1HGNAUg
https://youtu.be/v-KX9i3EB3g
https://youtu.be/WNadEfGnV04
https://youtu.be/H81l6BjNBqA
https://youtu.be/m1b-HOdV5k4
https://youtu.be/_A-82bNl0U0
https://youtu.be/bKDdT_nyP54
https://youtu.be/w6QGe-pXgdI
https://youtu.be/LKU_y_Vncs8
https://youtu.be/yzC4hFK5P3g
https://youtu.be/WNeLUngb-Xg
https://youtu.be/KcwaDLQ0j_g
https://youtu.be/HY7FSEYo7Q8
https://youtu.be/rvI3BHwGApQ
https://youtu.be/_uj8h4SCsnE
https://youtu.be/j01g8DYULO4
https://youtu.be/VFLkuUeiPpo
https://youtu.be/qKF4hD3cpUc
https://youtu.be/7qhdsk6aTd0
https://youtu.be/D7MMMNTQ7H0
https://youtu.be/bcuAw77J8_Y
https://youtu.be/W7qRjZ7pYdI
https://youtu.be/MVnSFj6XQZY
https://youtu.be/s_lGrcOtzck
https://youtu.be/W4VTq0sa9yg
https://youtu.be/91ZCwAAaZAs
https://youtu.be/uAVUl0cAKpo
https://youtu.be/wuO4_P_8p-Q
https://youtu.be/xciE_3HG60k
https://youtu.be/RKW6rjnYEkc
https://youtu.be/q0hyYWKXF0Q
https://youtu.be/Ic5vxw3eijY
https://youtu.be/1cGQotpn8r4
https://youtu.be/WDaNJW_jEBo
https://youtu.be/6Zbi0XmGtMw
https://youtu.be/qTsaS1Tm-Ic
https://youtu.be/c5daGZ96QGU
https://youtu.be/jCQ_5Gj6jlg
https://youtu.be/obUHDyWFMi8
https://youtu.be/ku3JbhWUwsg
https://youtu.be/kYtGl1dX5qI
https://youtu.be/ub-AbuiKycE
https://youtu.be/WoCLcJnRcag
https://youtu.be/9Ems4_tMQvE
https://youtu.be/ejTgl3cCyDo
https://youtu.be/C3E5fb39xcs
https://youtu.be/ASO_zypdnsQ
https://youtu.be/2Z5P3pMmXYQ
https://youtu.be/vabaTWEqWkE
https://youtu.be/DmeUuoxyt_E
https://youtu.be/6ZqaXHSE7gY
https://youtu.be/AXONk87kM8Y
https://youtu.be/Bzvvkf5-nUU
https://youtu.be/r9No8kVSXqQ
https://youtu.be/jTrIYvNdm_8
https://youtu.be/RHaa77cFPyI
https://youtu.be/cZE_lijSldM
https://youtu.be/IhX74Kce3TI
https://youtu.be/n9KjA471Y3k
https://youtu.be/DhHGDOgjie4
https://youtu.be/AT5lGRg_050
https://youtu.be/Qd7QY_7jaOc
https://youtu.be/WnH0Kvl3thk
https://youtu.be/Y1PVmANeyAg
https://youtu.be/YTeUdtilREo
https://youtu.be/QoE8fGssLgs
https://youtu.be/fRyhqobl0sk
https://youtu.be/sg8Gk1iXEIs
https://youtu.be/pUov86haT88
https://youtu.be/ToY6sjSV8h8
https://youtu.be/MwxgUVrj5m4
https://youtu.be/HV4iTnWg3Z0
https://youtu.be/XEjLoHdbVeE
https://youtu.be/zzICMIu5zFY
https://youtu.be/0Vwwr3VGsYg
https://youtu.be/8p4e0URzGyE
https://youtu.be/v7Yphe-5URQ
https://youtu.be/vabnZ9-ex7o
https://youtu.be/pAgnJDJN4VA
https://youtu.be/2X_2IdybTV0
https://youtu.be/MPVq30bPq6I
https://youtu.be/QIwWYXJbxGY
https://youtu.be/ItqP57SEZJw
https://youtu.be/LbhpPMwzcVU
https://youtu.be/6okxuiiHx2w
https://youtu.be/6WJFjXtHcy4
https://youtu.be/g2rdrNONy7k
https://youtu.be/hpjV962DLWs
https://youtu.be/59Q_lhgGANc
https://youtu.be/KDXOzr0GoA4
https://youtu.be/-AySRWBDn4k
https://youtu.be/nIm2s7t97NI
https://youtu.be/d1mCx7AJKH8
https://youtu.be/sWeG68lNcVA
https://youtu.be/NFshaFXrfTQ
https://youtu.be/sVZpHFXcFJw
https://youtu.be/B04gZ2oidqs
https://youtu.be/f-b2xWjeQIU
https://youtu.be/1wmMn3CGMd4
https://youtu.be/_2quiyHfJQw
https://youtu.be/Ov66aRdwXKQ
https://youtu.be/cPCLFtxpadE
https://youtu.be/sVx1mJDeUjY
https://youtu.be/FEDXPMy0GM8
https://youtu.be/VHcVqj1XFuY
https://youtu.be/QPAU7MN_3PQ
https://youtu.be/puCbbITNhT8
https://youtu.be/f5Vm86dD3n0
https://youtu.be/CbrNb980-vo
https://youtu.be/_KxeVZJtuus
https://youtu.be/DchDAvg58o8
https://youtu.be/0svW2S1z2Uc
https://youtu.be/RrGNJzyPVlU
https://youtu.be/U211AJSMBg8
https://youtu.be/bdlFqOpTC04
https://youtu.be/MmxNZH3zrK8
https://youtu.be/PDJLvF1dUek
https://youtu.be/HfV0pZ-DRyE
https://youtu.be/ByaOT2wPLV4
https://youtu.be/mwKFCj1K7uY
https://youtu.be/Kp7eSUU9oy8
https://youtu.be/X3oOQ8XnQWU
https://youtu.be/_Qq1B5na--s
https://youtu.be/9yGGNohmAT0
https://youtu.be/IYH7_GzP4Tg
https://youtu.be/Cn11rmyYbaM
https://youtu.be/IRvGZffXhfk
https://youtu.be/q8w5brfBqEM
https://youtu.be/uc2UEfWjvo8
https://youtu.be/2B8hDRHbNc4
https://youtu.be/DeumyOzKqgI
https://youtu.be/80J2YroXH3g
https://youtu.be/dmXaDG7kLqc
https://youtu.be/bGlmVgX5GZk
https://youtu.be/kILfB9lcMNE
https://youtu.be/4-43lLKaqBQ
https://youtu.be/VJcGi4-n_Yw
https://youtu.be/pz1ztvu77FM
https://youtu.be/Lwl75IfmWZQ
https://youtu.be/3x2ABSAMVno
https://youtu.be/8AHCfZTRGiI
https://youtu.be/LAxCqlU-OAo
https://youtu.be/5SwMB9v1pQ4
https://youtu.be/ZAiEPUu0iO4
https://youtu.be/4y33h81phKU
https://youtu.be/RxabLA7UQ9k
https://youtu.be/Ci5squuWW3Q
https://youtu.be/bBsKplb2E6Q
https://youtu.be/b8HVQtIoBYU
https://youtu.be/RvMBjzguZwk
https://youtu.be/xu9vBeiW3s4
https://youtu.be/PaXKf0JEzEA
https://youtu.be/7-9wXQpzESo
https://youtu.be/hZY5DBmgC_A
https://youtu.be/XxthmuqWF1Q
https://youtu.be/DbJL7ZSVQ4E
https://youtu.be/crzye7AL618
https://youtu.be/BHN4d8Nnwl8
https://youtu.be/E_yAzZZeuAQ
https://youtu.be/yF3JWJksP9I
https://youtu.be/wlXjP59jZCM
https://youtu.be/6xckBwPdo1c
https://youtu.be/6Wepi5S4_jU
https://youtu.be/1hLIXrlpRe8
https://youtu.be/N3oCS85HvpY
https://youtu.be/D5C5z0nVzmQ
https://youtu.be/oRSijEW_cDM
https://youtu.be/A-YpnWZD2cE
https://youtu.be/ms1SJcsKngM
https://youtu.be/gR7ko81rA-8
https://youtu.be/7Na1A6lSHns
https://youtu.be/Q-2T0K3u_3E
https://youtu.be/uWbXQQG9B6c
https://youtu.be/xqds0B_meys
https://youtu.be/v4xZUr0BEfE
https://youtu.be/Gs069dndIYk
https://youtu.be/wj9Y0vGxTGE
https://youtu.be/41_d4D7T6uI
https://youtu.be/KBtk5FUeJbk
https://youtu.be/JS0am0bPAIE
https://youtu.be/lBm9_pRj2UA
https://youtu.be/at2fHFsYS4Y
https://youtu.be/Y-LquOmqHGQ
https://youtu.be/f7AJiyjwXds
https://youtu.be/oNVpp5haQac
https://youtu.be/bRTb33PS-qs
https://youtu.be/tuV0lueGc20
https://youtu.be/WtADEYei7fI
https://youtu.be/bAbXgsEtYYw
https://youtu.be/pBy1-gCHGtA
https://youtu.be/p0drtYLUJm0
https://youtu.be/MPerh4Gmlkc
https://youtu.be/ZUYVq-XJJQA
https://youtu.be/YIALlhlyqO4
https://youtu.be/6gmswmbosYo
https://youtu.be/Sw5fNI400E4
https://youtu.be/tfSS1e3kYeo
https://youtu.be/tds3XMt8R3E
https://youtu.be/uTElb-AOq9g
https://youtu.be/2LegcNVM_nM
https://youtu.be/-IuWlzs2sHY
https://youtu.be/NkRkuI0ZgX0
https://youtu.be/PVjiKRfKpPI
https://youtu.be/O8lFeVfYw_s
https://youtu.be/g2MNFAMluSs
https://youtu.be/QHXU90aIUDM
https://youtu.be/nntGTK2Fhb0
https://youtu.be/VZiVePJCpZI
https://youtu.be/WXxV9g7lsFE
https://youtu.be/wXhTHyIgQ_U
https://youtu.be/djV11Xbc914
https://youtu.be/IHENIg8Se7M
https://youtu.be/sTQNJT7OZew
https://youtu.be/V3XJeBxInrw
https://youtu.be/1kfALLjeND4
https://youtu.be/oOWBsmgjmPo
https://youtu.be/yoHR8qwuqmY
https://youtu.be/93M1QtYDtpU
https://youtu.be/N_wbDyA0Fs4
https://youtu.be/SU584-VRRJw
https://youtu.be/PHoc1rTERTM
https://youtu.be/l8Vi_7cUCWk
https://youtu.be/o8R5IZu3HEw
https://youtu.be/JKRqSA9EwpU
https://youtu.be/eLgxYjZEflI
https://youtu.be/5SpYkLLwhe0
https://youtu.be/f9vyEwvigYY
https://youtu.be/g43IB2sh_hw
https://youtu.be/-0UupPs81vY
https://youtu.be/eaxsmlr7Bj4
https://youtu.be/CIcu49yFVN0
https://youtu.be/W6XKce_Kk_g
https://youtu.be/7e4AjuE17pA
https://youtu.be/thtgSUCloew
https://youtu.be/1CjM3NLjXnE
https://youtu.be/mjaayCARwro
https://youtu.be/aqi0mQOOh50
https://youtu.be/N6Uh2HZat_s
https://youtu.be/5a3e7QaVhlQ
https://youtu.be/pisnHD_JuJM
https://youtu.be/6p_a1SYs6Gs
https://youtu.be/sL1AUp8c8QQ
https://youtu.be/RBfrfSNX6ts
https://youtu.be/PsO6ZnUZI0g
https://youtu.be/ILM-JbWKn1I
https://youtu.be/lMSHTnkVJVs
https://youtu.be/_7anctpbSSo
https://youtu.be/kKZJp-rARsg
https://youtu.be/5x9hhblzno4
https://youtu.be/lT_lqh2PFik
https://youtu.be/JSoH0OXIPTs
https://youtu.be/9bZkp7q19f0
https://youtu.be/bXcSLI58-h8
https://youtu.be/HzKt7zEuPuY
https://youtu.be/ZKc3X4tlOIg
https://youtu.be/6-zRqxl5Gkk
https://youtu.be/9_k_goMr5ZI
https://youtu.be/DMDD7zR7S44
https://youtu.be/iqqkxCGvmpo
https://youtu.be/w4pI4CDvVEA
https://youtu.be/RErmrn-cn6Y
https://youtu.be/dxzIjkbU14g
https://youtu.be/IqNR3gNmt60
https://youtu.be/hwR_1EP18eo
https://youtu.be/BQqEMLOOMCo
https://youtu.be/fhaDViqgk8A
https://youtu.be/QZNlb9ID9K4
https://youtu.be/KViOTZ62zBg
https://youtu.be/wBmWvvTV0P4
https://youtu.be/_hN_U6vlXi8
https://youtu.be/lwa1TpaC1Z0
https://youtu.be/FLDE9Pzdoy4
https://youtu.be/xvZqHgFz51I
https://youtu.be/1XzY2ij_vL4
https://youtu.be/KNyTpof56WY
https://youtu.be/3RE4_DtVgII
https://youtu.be/M95iEQx20Ag
https://youtu.be/cn827BVSuAI
https://youtu.be/YS8fUmyu320
https://youtu.be/OYhXJaEbw7c
https://youtu.be/3OVWqUjXLFE
https://youtu.be/p3YdcQg7cE8
https://youtu.be/Ejv0Gk-mGko
https://youtu.be/EWUHoKNs_o0
https://youtu.be/cedoBlUvBlI
https://youtu.be/EBZXV5_3j8U
https://youtu.be/OKhT_6XtD7I
https://youtu.be/XipAkD-CFZE
https://youtu.be/-q23tuds2ZU
https://youtu.be/UIU4g0AdhPM
https://youtu.be/Xc7lUbWEbqY
https://youtu.be/cX2UzAPjgjI
https://youtu.be/1D9nAsjJKhY
https://youtu.be/H5mnDcZu0I0
https://youtu.be/0RMnjL6X2gg
https://youtu.be/mFNaFeIm4bU
https://youtu.be/UItUYIwkFcc
https://youtu.be/65x-VygtFd4
https://youtu.be/Iuq9XK6tojs
https://youtu.be/_L2vJEb6lVE
https://youtu.be/smqhSl0u_sI
https://youtu.be/tt7gP_IW-1w
https://youtu.be/kx0Z0B8Xox0
https://youtu.be/O321R3JvCpM
https://youtu.be/_I2eGkD_Myc
https://youtu.be/bfZxb10nzdc
https://youtu.be/rS8JrS9s7u8
https://youtu.be/R3AcX_EqqR4
https://youtu.be/IiBP3RvYoKQ
https://youtu.be/Pflbg0mjjCI
https://youtu.be/s1PCTfqLPvE
https://youtu.be/XGGWhOUYObc
https://youtu.be/fnlJw9H0xAM
https://youtu.be/aw_cfy1P8f8
https://youtu.be/7lzE0kQnVIk
https://youtu.be/oDlLTYC6OOQ
https://youtu.be/ABNXsROSQXI
https://youtu.be/zyXmsVwZqX4
https://youtu.be/spDy95Sww6k
https://youtu.be/X_nJ5ksFVbg
https://youtu.be/12d0WJ28M0k
https://youtu.be/cwXfYdYJM5I
https://youtu.be/V9dIVtoxIyo
https://youtu.be/2U-vrd6JhBY
https://youtu.be/WIm1GgfRz6M
https://youtu.be/T3E9Wjbq44E
https://youtu.be/fdHCec23BKE
https://youtu.be/mk48xRzuNvA
https://youtu.be/tp1ZluX4aYs
https://youtu.be/lxRwEPvL-mQ
https://youtu.be/gpLfZUdr-KM
https://youtu.be/fnGHESypBuU
https://youtu.be/Dkk9gvTmCXY
https://youtu.be/QK8mJJJvaes
https://youtu.be/JRfuAukYTKg
https://youtu.be/QqBzotBqV4g
https://youtu.be/eeV5Uwp6oUI
https://youtu.be/SDTZ7iX4vTQ
https://youtu.be/85ftfVUTzM4
https://youtu.be/KleUddM2IPw
https://youtu.be/4UwH97qI0aM
https://youtu.be/eQkSArQxYJg
https://youtu.be/SsFI40bXROs
https://youtu.be/T7K0pZ9tGi4
https://youtu.be/cRgjW6Nm-ug
https://youtu.be/Ol3eGjVipk4
https://youtu.be/w2Ov5jzm3j8
https://youtu.be/I_izvAbhExY
https://youtu.be/fPA-KOlhVks
https://youtu.be/f0fiDOQ5GbE
https://youtu.be/NpMKHzJV2MQ
https://youtu.be/hPu9pkiLdVs
https://youtu.be/0EmlFQkauQo
https://youtu.be/L3ESEiokUVA
https://youtu.be/mfqsEpjEtrw
https://youtu.be/rft3f9DwLrk
https://youtu.be/AORt4p9zX-M
https://youtu.be/WXBHCQYxwr0
https://youtu.be/YqeW9_5kURI
https://youtu.be/00IbosagHO4
https://youtu.be/6WQjgHuUDWU
https://youtu.be/TKfS5zVfGBc
https://youtu.be/SxGLPVvNjvY
https://youtu.be/S1g4Uoqhhc8
https://youtu.be/OUXdE1odVWg
https://youtu.be/aTeJTwSj058
https://youtu.be/LlU4FuIJT2k
https://youtu.be/oZ2EVZH6wI8
https://youtu.be/gUcisIlT7sM
https://youtu.be/m8-tsi9AfoA
https://youtu.be/mt2zvsvkKKo
https://youtu.be/T8BI2fKzdys
https://youtu.be/8Er6l7UOnbI
https://youtu.be/Wve11ObUUrE
https://youtu.be/sV2t3tW_JTQ
https://youtu.be/bN22Y1p1s-g
https://youtu.be/UbX5E5PFQFM
https://youtu.be/YtOdnL3ZwqM
https://youtu.be/q3lpoGABH6A
https://youtu.be/rDF8b5I3NKw
https://youtu.be/W_5unoZTpoQ
https://youtu.be/gKmQSAph7N0
https://youtu.be/BgnHQOj0dnw
https://youtu.be/ZMAmqAGo5SY
https://youtu.be/7egQHE-wRoY
https://youtu.be/o4jt40JAsqo
https://youtu.be/wtPIf8dMdSE
https://youtu.be/d4lo0LF-Pkg
https://youtu.be/L5YvsrogFX4
https://youtu.be/Ad5B0wS5Huc
https://youtu.be/USCi-NmSGkk
https://youtu.be/kI52s5uW3_4
https://youtu.be/lm_AAsL_Dhk
https://youtu.be/7sYUZEPIb2E
https://youtu.be/5lJH_GF8i8o
https://youtu.be/1u7WN2zBEDc
https://youtu.be/ACTKw42n94w
https://youtu.be/k5yhnd395-g
https://youtu.be/VlIExbHPWtw
https://youtu.be/3O1_3zBUKM8
https://youtu.be/O8J9ILF_f5c
https://youtu.be/FABmGWoScDk
https://youtu.be/CfihYWRWRTQ
https://youtu.be/2FCF7HvX2fM
https://youtu.be/mpuSi6YooAo
https://youtu.be/nn7LeY3S72E
https://youtu.be/VR3uKfIhkQ4
https://youtu.be/Bag1gUxuU0g
https://youtu.be/ldxVFDvWCgg
https://youtu.be/c7O91GDWGPU
https://youtu.be/SY3Kxf7ZTeI
https://youtu.be/7maJOI3QMu0
https://youtu.be/ZD6rXLXZOEI
https://youtu.be/DyDfgMOUjCI
https://youtu.be/5XK4v2fgMPU
https://youtu.be/AAQb5ySWkjY
https://youtu.be/k7H7q1lsS5s
https://youtu.be/kPkT0jMjEu8
https://youtu.be/krrqfA135Bg
https://youtu.be/7HYcLccP77Y
https://youtu.be/VbqVh6iUFS4
https://youtu.be/vroQF9yfslY
https://youtu.be/K3Qzzggn--s
https://youtu.be/Q17z9a03YaM
https://youtu.be/ECWwpmP3spY
https://youtu.be/b7ffmtnuSGM
https://youtu.be/393C3pr2ioY
https://youtu.be/EqSclLcbvCA
https://youtu.be/wGD1BMoMI6I
https://youtu.be/CxnaPa8ohmM
https://youtu.be/nWNXufnDgzU
https://youtu.be/XnbsIl2BnWw
https://youtu.be/StZcUAPRRac
https://youtu.be/gBVtv17CZ-8
https://youtu.be/Me38c4VbViE
https://youtu.be/z4zu9blQ0wg
https://youtu.be/dsBCOrFTV48
https://youtu.be/-VsxMrFyhsY
https://youtu.be/zBXnmVuS0Ug
https://youtu.be/x6uK7vuklm4
https://youtu.be/B4zpxCKymkQ
https://youtu.be/u4inZjoBu6A
https://youtu.be/aiCL0-U9WxI
https://youtu.be/jsRnJ8rHb1s
https://youtu.be/MUIrrb1KE_Q
https://youtu.be/KOOhPfMbuIQ
https://youtu.be/hqDinxaPUK4
https://youtu.be/NqpnbSFprB4
https://youtu.be/1cTrdPvZ8dQ
https://youtu.be/zpFwQF2Rn_o
https://youtu.be/D3Atg_TBIEw
https://youtu.be/jVIpV6lVfmE
https://youtu.be/DmWWqogr_r8
https://youtu.be/WvtVMCsHc9M
https://youtu.be/_NXAg4wiu6c
https://youtu.be/xvwD-2PM55k
https://youtu.be/kegTC0wdRvg
https://youtu.be/cCzZ67dwh7g
https://youtu.be/D0RRJekbYfE
https://youtu.be/TOZ0rfSdQmk
https://youtu.be/P5CGNGZkNdk
https://youtu.be/1DPInqE_oos
https://youtu.be/RqQGUJK7Na4
https://youtu.be/xoxCItHxLiM
https://youtu.be/mXDHZBPpU4k
https://youtu.be/vLDYEHqZdqk
https://youtu.be/9rujCfYXhQc
https://youtu.be/Lp__a8p0xCY
https://youtu.be/8pJo9QNL1cs
https://youtu.be/2dUMedOr864
https://youtu.be/NuXdxMEbYeQ
https://youtu.be/E43u-KmgT1Y
https://youtu.be/WYnJgdw0tjA
https://youtu.be/ksn5PC4Io7I
https://youtu.be/AV7QjFdNkUk
https://youtu.be/aCyBSTzsYS4
https://youtu.be/IKqV7DB8Iwg
https://youtu.be/QtlOr78qf-o
https://youtu.be/9W6AN_eQeZo
https://youtu.be/c26_xHzGMO4
https://youtu.be/w0AOGeqOnFY
https://youtu.be/56WBK4ZK_cw
https://youtu.be/rjvImL06_1k
https://youtu.be/F5OJPUXJvHk
https://youtu.be/ksX_Xkf3Ryg
https://youtu.be/Ko_uNj61qIs
https://youtu.be/yJmT2QUiu0c
https://youtu.be/2D07h6LBsxU
https://youtu.be/Tvz-eD2EXnw
https://youtu.be/UsLJLCtU32w
https://youtu.be/q0pdLCQy8l8
https://youtu.be/LtSNzPyo0lA
https://youtu.be/uKxyLmbOc0Q
https://youtu.be/epauiGQi2_s
https://youtu.be/nLru93KPMjc
https://youtu.be/2V5PnfcvjVk
https://youtu.be/ir6nk2zrMG0
https://youtu.be/eJnQBXmZ7Ek
https://youtu.be/pbsPM_VsyRo
https://youtu.be/h1pSSrmdEtw
https://youtu.be/GEEc4HdpI34
https://youtu.be/GGXzlRoNtHU
https://youtu.be/pWHayNNgu7Y
https://youtu.be/Hlu8eaSKQbo
https://youtu.be/YMrcUaI6NUA
https://youtu.be/D0i23wZ0IeE
https://youtu.be/u6unJQownW4
https://youtu.be/d7Hrm7K7fnI
https://youtu.be/1kxbuiAAzzU
https://youtu.be/RfRceNaUjbM
https://youtu.be/6xDN_YT7V2M
https://youtu.be/iFv6BXjnKRU
https://youtu.be/xuGZ2LrMWBc
https://youtu.be/7DjugrAD8pM
https://youtu.be/ZGDGdRIxvd0
https://youtu.be/ZiADuDjueJc
https://youtu.be/fGx6K90TmCI
https://youtu.be/JzmRt2VgKYQ
https://youtu.be/f6suaDGWmOo
https://youtu.be/5LqKHX906qk
https://youtu.be/8GotXeCwUnc
https://youtu.be/f4D0lY6A3nU
https://youtu.be/CycM8cqZRXc
https://youtu.be/5aWgoO0capE
https://youtu.be/gVMLO8EWiP8
https://youtu.be/hjGZLnja1o8
https://youtu.be/D3Me6YNe9tg
https://youtu.be/t-yCg-0-baE
https://youtu.be/3_twoy0qdOk
https://youtu.be/CVNy1p3CrVM
https://youtu.be/eqwiC93zmxI
https://youtu.be/gl2p4G3CUrI
https://youtu.be/WIKqgE4BwAY
https://youtu.be/Uon2WYPfdgc
https://youtu.be/mtFdXsGskjc
https://youtu.be/Jpw5Y2DMai4
https://youtu.be/cYIjX_1JmDY
https://youtu.be/VlNqN118HSc
https://youtu.be/G1iWc9jbYlY
https://youtu.be/YSVEY1S5TvA
https://youtu.be/0dCPcdpRUkA
https://youtu.be/dJf7qiIdltw
https://youtu.be/l7v8DAbIOx0
https://youtu.be/TJrkufAAi5c
https://youtu.be/fJ9rUzIMcZQ
https://youtu.be/t7lM7Bn16Zg
https://youtu.be/95Rzsn-zjr0
https://youtu.be/au2n7VVGv_c
https://youtu.be/A9hcJgtnm6Q
https://youtu.be/zAB5AC9yhY0
https://youtu.be/wbQsxWKfTSU
https://youtu.be/w7zpWjmaSPw
https://youtu.be/RG4L1OR81fw
https://youtu.be/9CbQl98JEbE
https://youtu.be/CW5oGRx9CLM
https://youtu.be/34Na4j8AVgA
https://youtu.be/qOQEcbL6NR4
https://youtu.be/UNVtM9P-yLM
https://youtu.be/mQ3qzZIbIs4
https://youtu.be/ROoalSB2DOM
https://youtu.be/5hEh9LiSzow
https://youtu.be/aSs4iwEPXOc
https://youtu.be/4Q46xYqUwZQ
https://youtu.be/mfMR-URQl80
https://youtu.be/iY4dqfDKJAw
https://youtu.be/52Gg9CqhbP8
https://youtu.be/eS_korRhTDk
https://youtu.be/Vny0W0axomc
https://youtu.be/GVIyBuJ-KgY
https://youtu.be/HrAMuTCS21M
https://youtu.be/XXlZfc1TrD0
https://youtu.be/YWyHZNBz6FE
https://youtu.be/wEIxo_PbRnw
https://youtu.be/5mm163wWKL8
https://youtu.be/lcg6wekmCRA
https://youtu.be/UbQgXeY_zi4
https://youtu.be/Ah0Ys50CqO8
https://youtu.be/viimfQi_pUw
https://youtu.be/T3um72hrtrk
https://youtu.be/XQEBzauVIlA
https://youtu.be/-5tHiZACxbI
https://youtu.be/ulZrXxFaoUY
https://youtu.be/xPXD8kRQ5gM
https://youtu.be/SSSj-pYZSYg
https://youtu.be/5J8u96P_V7o
https://youtu.be/k6OXhslsdbI
https://youtu.be/EuWpc_CA9Fc
https://youtu.be/EALvlLgw7ko
https://youtu.be/lLYopDk3FJw
https://youtu.be/_PuaYfhX4RQ
https://youtu.be/yB8Ci7X5HUU
https://youtu.be/_rs52auqcmE
https://youtu.be/t8QYeOy1Vi0
https://youtu.be/M-b3iU-INDo
https://youtu.be/Js1tkO4Pa4U
https://youtu.be/vEwmc87yTpo
https://youtu.be/UqLBxAn6XP4
https://youtu.be/MzyXD8bNbvk
https://youtu.be/wWN6hZu9jjE
https://youtu.be/b9JAHhqV6Ko
https://youtu.be/Rvi6c8toWJM
https://youtu.be/ZkqyIoYAXV8
https://youtu.be/YJVmu6yttiw
https://youtu.be/s6GeVcee7S4
https://youtu.be/jGXZZbmhW8w
https://youtu.be/TUxAZnWb2To
https://youtu.be/555UtsRcmaU
https://youtu.be/AgoM3IbsjJc
https://youtu.be/EGEVhQ6DSoE
https://youtu.be/03zT80CyEnQ
https://youtu.be/o2eiUduoqWM
https://youtu.be/Tca6JCTAlww
https://youtu.be/aEM2kOrrNJI
https://youtu.be/2NI1fDkToCA
https://youtu.be/g9wFQTzRfog
https://youtu.be/ddxv2r04Br0
https://youtu.be/oN2Xs-MvxLw
https://youtu.be/LRLdhFVzqt4
https://youtu.be/eHFA_wEK_00
https://youtu.be/QkvxiTEhNsM
https://youtu.be/imamcajBEJs
https://youtu.be/pnvPGDGC6k8
https://youtu.be/GOak9xDq_yA
https://youtu.be/YYpZGiKySMw
https://youtu.be/UJ4ueyS4pqA
https://youtu.be/S2IYCZnhHcg
https://youtu.be/P7kqfDLlqm0
https://youtu.be/ra9UgspPmXE
https://youtu.be/P1t9T1TAOBI
https://youtu.be/kiBF0KtqHLk
https://youtu.be/koaqwuRSmBk
https://youtu.be/fPO76Jlnz6c
https://youtu.be/Zi_XLOBDo_Y
https://youtu.be/v7GI9IGLDIc
https://youtu.be/kQHuiTDTvYk
https://youtu.be/di3vhELi6P0
https://youtu.be/luQSQuCHtcI
https://youtu.be/Fh6bTCZGDuo
https://youtu.be/4h6Mdhu8U-k
https://youtu.be/WuVPYQNDvOw
https://youtu.be/Zz2Sg9hZPh8
https://youtu.be/RpIYIdMvOtI
https://youtu.be/804G_wWGPdU
https://youtu.be/uuBETyA_yxc
https://youtu.be/5pywlN55Iok
https://youtu.be/glsB8r1UiIE
https://youtu.be/UOxkGD8qRB4
https://youtu.be/YBJhzfvdyKw
https://youtu.be/H-CBCC_hiKM
https://youtu.be/3M_5oYU-IsU
https://youtu.be/dv13gl0a-FA
https://youtu.be/VrDfSZ_6f4U
https://youtu.be/XCfRIUOyMNQ
https://youtu.be/JtYa0rb_jGQ
https://youtu.be/seEjFQ0lNhY
https://youtu.be/sCdXG-iCWE0
https://youtu.be/eVTXPUF4Oz4
https://youtu.be/araU0fZj6oQ
https://youtu.be/j0lSpNtjPM8
https://youtu.be/e-IWRmpefzE
https://youtu.be/cnO4AU6ORoQ
https://youtu.be/IaXjx3JxTwc
https://youtu.be/NHglTopVlKQ
https://youtu.be/ZHoLaLlL5lA
https://youtu.be/ALj5MKjy2BU
https://youtu.be/Cvb76hBX_Oc
https://youtu.be/IlJHZJ8EqeA
https://youtu.be/4xB0ySprzXI
https://youtu.be/Wfg2tclBraQ
https://youtu.be/GUFw8wTzF_I
https://youtu.be/Zj-M9pvQSyo
https://youtu.be/uY-QrSbVRW8
https://youtu.be/4yhEZ-lLtIU
https://youtu.be/kKV0rE1RlMo
https://youtu.be/WU54WpQNYic
https://youtu.be/Hft7ubfXuLs
https://youtu.be/hjrlX-Y6Gs8
https://youtu.be/8mBHDHIb-kM
https://youtu.be/FrG4TEcSuRg
https://youtu.be/3LFNLbnaHVs
https://youtu.be/N1wHTwYL6os
https://youtu.be/4hoDwVy6IQ4
https://youtu.be/6ONRf7h3Mdk
https://youtu.be/Jrgbjk45lFA
https://youtu.be/BxFvI-zpaRs
https://youtu.be/VmDcmIjN34A
https://youtu.be/GSxqU5M3bfY
https://youtu.be/84yTsE4eNYQ
https://youtu.be/hgNaOU0UOaQ
https://youtu.be/g6nRprO6z8g
https://youtu.be/UNqJdfxL4J4
https://youtu.be/cc1Xu1JyArM
https://youtu.be/qtvnZYEHasI
https://youtu.be/ApXoWvfEYVU
https://youtu.be/rwz2nWDrVv0
https://youtu.be/uFs4ID1_4fo
https://youtu.be/LOHDnKI1U8A
https://youtu.be/5yt849wJyVk
https://youtu.be/LDU_Txk06tM
https://youtu.be/hMAPyGoqQVw
https://youtu.be/-jRKsiAOAA8
https://youtu.be/Kbj2Zss-5GY
https://youtu.be/6DVYAsL8lxU
https://youtu.be/KfXvjxbRhZk
https://youtu.be/MV_3Dpw-BRY
https://youtu.be/gU-VTxg2pxw
https://youtu.be/Hwl8d5Fp-Jk
https://youtu.be/8xlDwukxjnA
https://youtu.be/yJg-Y5byMMw
https://youtu.be/jm3Y6VZG7oA
https://youtu.be/8CdcCD5V-d8
https://youtu.be/VWoIpDVkOH0
https://youtu.be/8DJpvPFEKFo
https://youtu.be/-ZQSk6cHKqU
https://youtu.be/_bvLphVWHpo
https://youtu.be/c-5jld1Uf0g
https://youtu.be/x0abafHIMdQ
https://youtu.be/_XuUqF8p4ic
https://youtu.be/-u50aW4n3Qc
https://youtu.be/CLA7vIBVT-Y
https://youtu.be/q_p93-2n5nI
https://youtu.be/o_lYIW0Ha9E
https://youtu.be/ceim8hzQr-Q
https://youtu.be/vCL_UepKphQ
https://youtu.be/qu0CxX8GJj8
https://youtu.be/5lTRSiTQnH4
https://youtu.be/btPJPFnesV4
https://youtu.be/hTWKbfoikeg
https://youtu.be/CSvFpBOe8eY
https://youtu.be/VAXg78MKJcM
https://youtu.be/8HLfIY7DoQM
https://youtu.be/mvSItvjFE1c
https://youtu.be/r26bNe0MTzs
https://youtu.be/Q3TTL6xtCZQ
https://youtu.be/A_PZ-rSLbxM
https://youtu.be/kT3OQwyvKmk
https://youtu.be/W9P_qUnMaFg
https://youtu.be/cwQgjq0mCdE
https://youtu.be/GzjTHCpOtPQ
https://youtu.be/YqvCptqhHfs
https://youtu.be/FAucVNRx_mU
https://youtu.be/r6zIGXun57U
https://youtu.be/E06Vxoip90A
https://youtu.be/2a8PgqWrc_4
https://youtu.be/TxuFnyjKISI
https://youtu.be/dARAN1z2KqY
https://youtu.be/pPKx-fon1nY
https://youtu.be/2jwj9wVx3mg
https://youtu.be/aPhyzf8SZFo
https://youtu.be/3ehuEdoyIQc
https://youtu.be/bnCT0GXgLJg
https://youtu.be/0jgrCKhxE1s
https://youtu.be/1g1XM-FgzJQ
https://youtu.be/YXYYCFaUUHQ
https://youtu.be/LdH7aFjDzjI
https://youtu.be/cmc8q2dcIMs
https://youtu.be/VPSoNx1gyQ4
https://youtu.be/_EyZUTDAH0U
https://youtu.be/6SLD1ZQZ_4Y
https://youtu.be/OhXVLFpAAKY
https://youtu.be/phr1pOFK1V8
https://youtu.be/DPC9erC5WqU
https://youtu.be/FIetBC3l0J4
https://youtu.be/VENAzMdqp28
https://youtu.be/ZiI27e6uQFU
https://youtu.be/v5K4v63sBcY
https://youtu.be/P15ZDUicYGY
https://youtu.be/FLeMssD0R3Y
https://youtu.be/awpHVPr_XBg
https://youtu.be/tvTRZJ-4EyI
https://youtu.be/KnZ8h3MRuYg
https://youtu.be/MSrTnWDTdwI
https://youtu.be/8zHjanBzZt8
https://youtu.be/l3XIJgA8OZk
https://youtu.be/SiAuAJBZuGs
https://youtu.be/pBkHHoOIIn8
https://youtu.be/txCCYBMKdB0
https://youtu.be/DKPCBAlDw2A
https://youtu.be/jFBJnbTW_z8
https://youtu.be/8xs5aoJTMwQ
https://youtu.be/gCYcHz2k5x0
https://youtu.be/2IH8tNQAzSs
https://youtu.be/5JuiLQBykvA
https://youtu.be/1NyMSWqIJDQ
https://youtu.be/tsp7IOr7Q9A
https://youtu.be/sWrK-UOteIo
https://youtu.be/Xa0mS9DL2AE
https://youtu.be/aaVzB6DjUgs
https://youtu.be/E5ONTXHS2mM
https://youtu.be/eGSaZki8NK4
https://youtu.be/o-_DVLacX4c
https://youtu.be/ywiWakhl7Yw
https://youtu.be/IckPmQnpP7E
https://youtu.be/iKaERPGpeUw
https://youtu.be/1iZN0XzthJI
https://youtu.be/0J2QdDbelmY
https://youtu.be/Z5tPJhaK71A
https://youtu.be/ophA30Yxokk
https://youtu.be/M6t47RI4bns
https://youtu.be/lLFYp9keY9Q
https://youtu.be/oGm7hvZTgMg
https://youtu.be/dIzgiclddlM
https://youtu.be/mzB1VGEGcSU
https://youtu.be/2daXghqHgjQ
https://youtu.be/pgN-vvVVxMA
https://youtu.be/UePtoxDhJSw
https://youtu.be/L53gjP-TtGE
https://youtu.be/cD-Q5Bj0ogQ
https://youtu.be/gCDPTnpYvtc
https://youtu.be/-3FeTMHJQkY
https://youtu.be/c91-i0A3dmQ
https://youtu.be/UueOHluShNc
https://youtu.be/RlkAAuQpuZs
https://youtu.be/E_xRMGvVHfs
https://youtu.be/GIBoCojjB70
https://youtu.be/OxlJLz9M8hQ
https://youtu.be/_wp7zVOgzYI
https://youtu.be/YS-5oD2Y4Wk
https://youtu.be/2GKL_ZoJQjc
https://youtu.be/L7-0ugujS2U
https://youtu.be/rgW_I8saK1o
https://youtu.be/Dst9gZkq1a8
https://youtu.be/5w6n_a32WE4
https://youtu.be/0XFudmaObLI
https://youtu.be/Shk7qcvqDOo
https://youtu.be/JzSUgOmP66Q
https://youtu.be/mFHA43Krzos
https://youtu.be/G0GJRvTh-sI
https://youtu.be/H890KPihtzw
https://youtu.be/IHv_6HP65VQ
https://youtu.be/_gvweJDAIGE
https://youtu.be/29-q7YnyUmY
https://youtu.be/otCpCn0l4Wo
https://youtu.be/8UMg3QSYu_8
https://youtu.be/8DizBlRFMD4
https://youtu.be/RrSt4S-LpOQ
https://youtu.be/U_nXVb6NQEc
https://youtu.be/6CbaTLNBTjM
https://youtu.be/qF_U-Tia7iY
https://youtu.be/TuRm1JzAsVg
https://youtu.be/-tKVN2mAKRI
https://youtu.be/WazC2PUy5v4
https://youtu.be/O3bfRBassAQ
https://youtu.be/hc475FVF1B0
https://youtu.be/Ciotk7iy8Bw
https://youtu.be/8dZDdW7v4Q8
https://youtu.be/qN4ooNx77u0
https://youtu.be/PEGccV-NOm8
https://youtu.be/cTTbO6zZosE
https://youtu.be/jQNazsWnQKU
https://youtu.be/MYbRVT4M4ho
https://youtu.be/H66si2eZmgs
https://youtu.be/E3yGF9PFetQ
https://youtu.be/L5BDyjgbjPU
https://youtu.be/8-ejyHzz3XE
https://youtu.be/fwfjsDsMuz8
https://youtu.be/y6goQpS396A
https://youtu.be/lm4OJxGQm_E
https://youtu.be/eFmcOzB6GNk
https://youtu.be/DlFmfxACvig
https://youtu.be/GxpldsOM8yg
https://youtu.be/7ljsxE63iEE
https://youtu.be/1JA4QNmpteU
https://youtu.be/adDD43CvrUc
https://youtu.be/bSSFwCoaX4Y
https://youtu.be/S0nbOenwCLw
https://youtu.be/9oMQrrPr5OY
https://youtu.be/vJwKKKd2ZYE
https://youtu.be/1eWdbMBYlH4
https://youtu.be/l_lblj8Cq0o
https://youtu.be/HTp5PH8ot6Q
https://youtu.be/F5V8f7gTfAY
https://youtu.be/1h_qx3vc5UU
https://youtu.be/unrs1wnz0r4
https://youtu.be/V3OPDTwH9os
https://youtu.be/CAMWdvo71ls
https://youtu.be/8aJw4chksqM
https://youtu.be/sr8fjIXygWU
https://youtu.be/6wmRQUc96yM
https://youtu.be/Lp9GgdCgMXk
https://youtu.be/OMstlKC403c
https://youtu.be/2DbR35g-0ZY
https://youtu.be/NUNYcwDkBPc
https://youtu.be/YeGTEtdhHd0
https://youtu.be/s_Vg5NN7LBo
https://youtu.be/4DspD3kch8s
https://youtu.be/lZ9jLAtzKy8
https://youtu.be/3rkJ3L5Ce80
https://youtu.be/NLZRYQMLDW4
https://youtu.be/VGXjKfsGPL8
https://youtu.be/pR0VsbyZxWg
https://youtu.be/jXpY6OY4zmM
https://youtu.be/f0laD0Q4hpM
https://youtu.be/qHMOhLk8EqA
https://youtu.be/FxtrqGXY37g
https://youtu.be/mA6DT9gp0Ng
https://youtu.be/OoEsoxG2fUI
https://youtu.be/7ADY8fmWVH0
https://youtu.be/YWpTQM-CCTM
https://youtu.be/YBFDYb5GCrI
https://youtu.be/zwX6T1tJuZc
https://youtu.be/8jpwWeQ2Dgs
https://youtu.be/TDsZvjGFlAk
https://youtu.be/16SNo28orYI
https://youtu.be/uVZLJfAKgTI
https://youtu.be/d8e9sw6_oec
https://youtu.be/b8m9zhNAgKs
https://youtu.be/9StX2O7VpOg
https://youtu.be/0tdadbpU1Dw
https://youtu.be/0dkHzLOmdDU
https://youtu.be/FUXX55WqYZs
https://youtu.be/8fIAjwYhxDY
https://youtu.be/meXPbvp3ldg
https://youtu.be/vRte4W3gTb0
https://youtu.be/EbfK7dei7ec
https://youtu.be/TPmvTGvhHas
https://youtu.be/b5nNv1yFEZQ
https://youtu.be/XJA5IhsDD9M
https://youtu.be/slX35aF7DrQ
https://youtu.be/P1DzsWenr7E
https://youtu.be/cvq7Jy-TFAU
https://youtu.be/9edspLWNQ64
https://youtu.be/Dr1nN__-2Po
https://youtu.be/XR7Ev14vUh8
https://youtu.be/QwvZJ3r337E
https://youtu.be/kacHLh3fPpg
https://youtu.be/PCp2iXA1uLE
https://youtu.be/wUT2iGk03IA
https://youtu.be/05O673tT4mA
https://youtu.be/WlosjSe5B8c
https://youtu.be/FMK5cZnW0os
https://youtu.be/CHVHFpgKMNE
https://youtu.be/sNVfoVYTD8o
https://youtu.be/yp8EjIAeiws
https://youtu.be/knfrxj0T5NY
https://youtu.be/mj9KRKSvdbk
https://youtu.be/XbGs_qK2PQA
https://youtu.be/JhRyR3FUNmo
https://youtu.be/jK4Q69tN5i0
https://youtu.be/oiKj0Z_Xnjc
https://youtu.be/VwAnsAUYnw4
https://youtu.be/7wtfhZwyrcc
https://youtu.be/ktvTqknDobU
https://youtu.be/fKopy74weus
https://youtu.be/FM7MFYoylVs
https://youtu.be/YykjpeuMNEk
https://youtu.be/QtXby3twMmI
https://youtu.be/TdrL3QxjyVw
https://youtu.be/QnxpHIl5Ynw
https://youtu.be/5_mS_OZXMuI
https://youtu.be/eIGh4Nc1fAM
https://youtu.be/TzXz-xLB1-0
https://youtu.be/bg1sT4ILG0w
https://youtu.be/64aA-Qj5ZcE
https://youtu.be/gkwpXipZUoE
https://youtu.be/ogMNV33AhCY
https://youtu.be/1Rvf-E7zAAY
https://youtu.be/nobG440Hl08
https://youtu.be/4-Pp-MEdKIA
https://youtu.be/tK7uXkZ-EFM
https://youtu.be/CB0DEcaPwhw
https://youtu.be/4feUSTS21-8
https://youtu.be/WrsFXgQk5UI
https://youtu.be/SC4xMk98Pdc
https://youtu.be/UceaB4D0jpo
https://youtu.be/napUAIh4UE0
https://youtu.be/BbxNcTJsR6M
https://youtu.be/EsX-0VBb0j0
https://youtu.be/48StRIVxK7A
https://youtu.be/i7VQi0T2c6g
https://youtu.be/-OmIwboJ6k8
https://youtu.be/k_Ptry7LdHA
https://youtu.be/DEAz7IvVSMM
https://youtu.be/1y6smkh6c-0
